This file contains any messages produced by compilers while
running configure, to aid debugging if configure makes a mistake.

It was created by libgpg-error configure 1.32-unknown, which was
generated by GNU Autoconf 2.69.  Invocation command line was

  $ ./configure 

## --------- ##
## Platform. ##
## --------- ##

hostname = tony-VirtualBox
uname -m = x86_64
uname -r = 4.15.0-36-generic
uname -s = Linux
uname -v = #39~16.04.1-Ubuntu SMP Tue Sep 25 08:59:23 UTC 2018

/usr/bin/uname -p = unknown
/bin/uname -X     = unknown

/bin/arch              = unknown
/usr/bin/arch -k       = unknown
/usr/convex/getsysinfo = unknown
/usr/bin/hostinfo      = unknown
/bin/machine           = unknown
/usr/bin/oslevel       = unknown
/bin/universe          = unknown

PATH: /home/tony/.cargo/bin
PATH: /home/tony/bin
PATH: /home/tony/.local/bin
PATH: /usr/local/sbin
PATH: /usr/local/bin
PATH: /usr/sbin
PATH: /usr/bin
PATH: /sbin
PATH: /bin
PATH: /usr/games
PATH: /usr/local/games
PATH: /snap/bin


## ----------- ##
## Core tests. ##
## ----------- ##

configure:2672: checking for a BSD-compatible install
configure:2740: result: /usr/bin/install -c
configure:2751: checking whether build environment is sane
configure:2806: result: yes
configure:2957: checking for a thread-safe mkdir -p
configure:2996: result: /bin/mkdir -p
configure:3003: checking for gawk
configure:3033: result: no
configure:3003: checking for mawk
configure:3019: found /usr/bin/mawk
configure:3030: result: mawk
configure:3041: checking whether make sets $(MAKE)
configure:3063: result: yes
configure:3092: checking whether make supports nested variables
configure:3109: result: yes
configure:3236: checking whether to enable maintainer-specific portions of Makefiles
configure:3245: result: no
configure:3273: checking whether make supports nested variables
configure:3290: result: yes
configure:3308: checking build system type
configure:3322: result: x86_64-pc-linux-gnu
configure:3342: checking host system type
configure:3355: result: x86_64-pc-linux-gnu
configure:3379: autobuild project... libgpg-error
configure:3381: autobuild revision... 1.32-unknown
configure:3385: autobuild hostname... tony-VirtualBox
configure:3394: autobuild timestamp... 20181029-134755
configure:3448: checking for gcc
configure:3464: found /usr/bin/gcc
configure:3475: result: gcc
configure:3704: checking for C compiler version
configure:3713: gcc --version >&5
gcc (Ubuntu 5.4.0-6ubuntu1~16.04.10) 5.4.0 20160609
Copyright (C) 2015 Free Software Foundation, Inc.
This is free software; see the source for copying conditions.  There is NO
warranty; not even for MERCHANTABILITY or FITNESS FOR A PARTICULAR PURPOSE.

configure:3724: $? = 0
configure:3713: gcc -v >&5
Using built-in specs.
COLLECT_GCC=gcc
COLLECT_LTO_WRAPPER=/usr/lib/gcc/x86_64-linux-gnu/5/lto-wrapper
Target: x86_64-linux-gnu
Configured with: ../src/configure -v --with-pkgversion='Ubuntu 5.4.0-6ubuntu1~16.04.10' --with-bugurl=file:///usr/share/doc/gcc-5/README.Bugs --enable-languages=c,ada,c++,java,go,d,fortran,objc,obj-c++ --prefix=/usr --program-suffix=-5 --enable-shared --enable-linker-build-id --libexecdir=/usr/lib --without-included-gettext --enable-threads=posix --libdir=/usr/lib --enable-nls --with-sysroot=/ --enable-clocale=gnu --enable-libstdcxx-debug --enable-libstdcxx-time=yes --with-default-libstdcxx-abi=new --enable-gnu-unique-object --disable-vtable-verify --enable-libmpx --enable-plugin --with-system-zlib --disable-browser-plugin --enable-java-awt=gtk --enable-gtk-cairo --with-java-home=/usr/lib/jvm/java-1.5.0-gcj-5-amd64/jre --enable-java-home --with-jvm-root-dir=/usr/lib/jvm/java-1.5.0-gcj-5-amd64 --with-jvm-jar-dir=/usr/lib/jvm-exports/java-1.5.0-gcj-5-amd64 --with-arch-directory=amd64 --with-ecj-jar=/usr/share/java/eclipse-ecj.jar --enable-objc-gc --enable-multiarch --disable-werror --with-arch-32=i686 --with-abi=m64 --with-multilib-list=m32,m64,mx32 --enable-multilib --with-tune=generic --enable-checking=release --build=x86_64-linux-gnu --host=x86_64-linux-gnu --target=x86_64-linux-gnu
Thread model: posix
gcc version 5.4.0 20160609 (Ubuntu 5.4.0-6ubuntu1~16.04.10) 
configure:3724: $? = 0
configure:3713: gcc -V >&5
gcc: error: unrecognized command line option '-V'
gcc: fatal error: no input files
compilation terminated.
configure:3724: $? = 1
configure:3713: gcc -qversion >&5
gcc: error: unrecognized command line option '-qversion'
gcc: fatal error: no input files
compilation terminated.
configure:3724: $? = 1
configure:3744: checking whether the C compiler works
configure:3766: gcc    conftest.c  >&5
configure:3770: $? = 0
configure:3818: result: yes
configure:3821: checking for C compiler default output file name
configure:3823: result: a.out
configure:3829: checking for suffix of executables
configure:3836: gcc -o conftest    conftest.c  >&5
configure:3840: $? = 0
configure:3862: result: 
configure:3884: checking whether we are cross compiling
configure:3892: gcc -o conftest    conftest.c  >&5
configure:3896: $? = 0
configure:3903: ./conftest
configure:3907: $? = 0
configure:3922: result: no
configure:3927: checking for suffix of object files
configure:3949: gcc -c   conftest.c >&5
configure:3953: $? = 0
configure:3974: result: o
configure:3978: checking whether we are using the GNU C compiler
configure:3997: gcc -c   conftest.c >&5
configure:3997: $? = 0
configure:4006: result: yes
configure:4015: checking whether gcc accepts -g
configure:4035: gcc -c -g  conftest.c >&5
configure:4035: $? = 0
configure:4076: result: yes
configure:4093: checking for gcc option to accept ISO C89
configure:4156: gcc  -c -g -O2  conftest.c >&5
configure:4156: $? = 0
configure:4169: result: none needed
configure:4194: checking whether gcc understands -c and -o together
configure:4216: gcc -c conftest.c -o conftest2.o
configure:4219: $? = 0
configure:4216: gcc -c conftest.c -o conftest2.o
configure:4219: $? = 0
configure:4231: result: yes
configure:4259: checking for style of include used by make
configure:4287: result: GNU
configure:4313: checking dependency style of gcc
configure:4424: result: gcc3
configure:4445: checking how to run the C preprocessor
configure:4476: gcc -E  conftest.c
configure:4476: $? = 0
configure:4490: gcc -E  conftest.c
conftest.c:11:28: fatal error: ac_nonexistent.h: No such file or directory
compilation terminated.
configure:4490: $? = 1
configure: failed program was:
| /* confdefs.h */
| #define PACKAGE_NAME "libgpg-error"
| #define PACKAGE_TARNAME "libgpg-error"
| #define PACKAGE_VERSION "1.32-unknown"
| #define PACKAGE_STRING "libgpg-error 1.32-unknown"
| #define PACKAGE_BUGREPORT "https://bugs.gnupg.org"
| #define PACKAGE_URL ""
| #define PACKAGE "libgpg-error"
| #define VERSION "1.32-unknown"
| /* end confdefs.h.  */
| #include <ac_nonexistent.h>
configure:4515: result: gcc -E
configure:4535: gcc -E  conftest.c
configure:4535: $? = 0
configure:4549: gcc -E  conftest.c
conftest.c:11:28: fatal error: ac_nonexistent.h: No such file or directory
compilation terminated.
configure:4549: $? = 1
configure: failed program was:
| /* confdefs.h */
| #define PACKAGE_NAME "libgpg-error"
| #define PACKAGE_TARNAME "libgpg-error"
| #define PACKAGE_VERSION "1.32-unknown"
| #define PACKAGE_STRING "libgpg-error 1.32-unknown"
| #define PACKAGE_BUGREPORT "https://bugs.gnupg.org"
| #define PACKAGE_URL ""
| #define PACKAGE "libgpg-error"
| #define VERSION "1.32-unknown"
| /* end confdefs.h.  */
| #include <ac_nonexistent.h>
configure:4581: checking for gawk
configure:4608: result: mawk
configure:4662: checking for ar
configure:4678: found /usr/bin/ar
configure:4689: result: ar
configure:4713: checking for grep that handles long lines and -e
configure:4771: result: /bin/grep
configure:4776: checking for egrep
configure:4838: result: /bin/grep -E
configure:4843: checking for ANSI C header files
configure:4863: gcc -c -g -O2  conftest.c >&5
configure:4863: $? = 0
configure:4936: gcc -o conftest -g -O2   conftest.c  >&5
configure:4936: $? = 0
configure:4936: ./conftest
configure:4936: $? = 0
configure:4947: result: yes
configure:4960: checking for sys/types.h
configure:4960: gcc -c -g -O2  conftest.c >&5
configure:4960: $? = 0
configure:4960: result: yes
configure:4960: checking for sys/stat.h
configure:4960: gcc -c -g -O2  conftest.c >&5
configure:4960: $? = 0
configure:4960: result: yes
configure:4960: checking for stdlib.h
configure:4960: gcc -c -g -O2  conftest.c >&5
configure:4960: $? = 0
configure:4960: result: yes
configure:4960: checking for string.h
configure:4960: gcc -c -g -O2  conftest.c >&5
configure:4960: $? = 0
configure:4960: result: yes
configure:4960: checking for memory.h
configure:4960: gcc -c -g -O2  conftest.c >&5
configure:4960: $? = 0
configure:4960: result: yes
configure:4960: checking for strings.h
configure:4960: gcc -c -g -O2  conftest.c >&5
configure:4960: $? = 0
configure:4960: result: yes
configure:4960: checking for inttypes.h
configure:4960: gcc -c -g -O2  conftest.c >&5
configure:4960: $? = 0
configure:4960: result: yes
configure:4960: checking for stdint.h
configure:4960: gcc -c -g -O2  conftest.c >&5
configure:4960: $? = 0
configure:4960: result: yes
configure:4960: checking for unistd.h
configure:4960: gcc -c -g -O2  conftest.c >&5
configure:4960: $? = 0
configure:4960: result: yes
configure:4973: checking minix/config.h usability
configure:4973: gcc -c -g -O2  conftest.c >&5
conftest.c:54:26: fatal error: minix/config.h: No such file or directory
compilation terminated.
configure:4973: $? = 1
configure: failed program was:
| /* confdefs.h */
| #define PACKAGE_NAME "libgpg-error"
| #define PACKAGE_TARNAME "libgpg-error"
| #define PACKAGE_VERSION "1.32-unknown"
| #define PACKAGE_STRING "libgpg-error 1.32-unknown"
| #define PACKAGE_BUGREPORT "https://bugs.gnupg.org"
| #define PACKAGE_URL ""
| #define PACKAGE "libgpg-error"
| #define VERSION "1.32-unknown"
| #define STDC_HEADERS 1
| #define HAVE_SYS_TYPES_H 1
| #define HAVE_SYS_STAT_H 1
| #define HAVE_STDLIB_H 1
| #define HAVE_STRING_H 1
| #define HAVE_MEMORY_H 1
| #define HAVE_STRINGS_H 1
| #define HAVE_INTTYPES_H 1
| #define HAVE_STDINT_H 1
| #define HAVE_UNISTD_H 1
| /* end confdefs.h.  */
| #include <stdio.h>
| #ifdef HAVE_SYS_TYPES_H
| # include <sys/types.h>
| #endif
| #ifdef HAVE_SYS_STAT_H
| # include <sys/stat.h>
| #endif
| #ifdef STDC_HEADERS
| # include <stdlib.h>
| # include <stddef.h>
| #else
| # ifdef HAVE_STDLIB_H
| #  include <stdlib.h>
| # endif
| #endif
| #ifdef HAVE_STRING_H
| # if !defined STDC_HEADERS && defined HAVE_MEMORY_H
| #  include <memory.h>
| # endif
| # include <string.h>
| #endif
| #ifdef HAVE_STRINGS_H
| # include <strings.h>
| #endif
| #ifdef HAVE_INTTYPES_H
| # include <inttypes.h>
| #endif
| #ifdef HAVE_STDINT_H
| # include <stdint.h>
| #endif
| #ifdef HAVE_UNISTD_H
| # include <unistd.h>
| #endif
| #include <minix/config.h>
configure:4973: result: no
configure:4973: checking minix/config.h presence
configure:4973: gcc -E  conftest.c
conftest.c:21:26: fatal error: minix/config.h: No such file or directory
compilation terminated.
configure:4973: $? = 1
configure: failed program was:
| /* confdefs.h */
| #define PACKAGE_NAME "libgpg-error"
| #define PACKAGE_TARNAME "libgpg-error"
| #define PACKAGE_VERSION "1.32-unknown"
| #define PACKAGE_STRING "libgpg-error 1.32-unknown"
| #define PACKAGE_BUGREPORT "https://bugs.gnupg.org"
| #define PACKAGE_URL ""
| #define PACKAGE "libgpg-error"
| #define VERSION "1.32-unknown"
| #define STDC_HEADERS 1
| #define HAVE_SYS_TYPES_H 1
| #define HAVE_SYS_STAT_H 1
| #define HAVE_STDLIB_H 1
| #define HAVE_STRING_H 1
| #define HAVE_MEMORY_H 1
| #define HAVE_STRINGS_H 1
| #define HAVE_INTTYPES_H 1
| #define HAVE_STDINT_H 1
| #define HAVE_UNISTD_H 1
| /* end confdefs.h.  */
| #include <minix/config.h>
configure:4973: result: no
configure:4973: checking for minix/config.h
configure:4973: result: no
configure:4994: checking whether it is safe to define __EXTENSIONS__
configure:5012: gcc -c -g -O2  conftest.c >&5
configure:5012: $? = 0
configure:5019: result: yes
configure:5136: checking for special C compiler options needed for large files
configure:5181: result: no
configure:5187: checking for _FILE_OFFSET_BITS value needed for large files
configure:5212: gcc -c -g -O2  conftest.c >&5
configure:5212: $? = 0
configure:5244: result: no
configure:5378: checking how to print strings
configure:5405: result: printf
configure:5426: checking for a sed that does not truncate output
configure:5490: result: /bin/sed
configure:5508: checking for fgrep
configure:5570: result: /bin/grep -F
configure:5605: checking for ld used by gcc
configure:5672: result: /usr/bin/ld
configure:5679: checking if the linker (/usr/bin/ld) is GNU ld
configure:5694: result: yes
configure:5706: checking for BSD- or MS-compatible name lister (nm)
configure:5755: result: /usr/bin/nm -B
configure:5885: checking the name lister (/usr/bin/nm -B) interface
configure:5892: gcc -c -g -O2  conftest.c >&5
configure:5895: /usr/bin/nm -B "conftest.o"
configure:5898: output
0000000000000000 B some_variable
configure:5905: result: BSD nm
configure:5908: checking whether ln -s works
configure:5912: result: yes
configure:5920: checking the maximum length of command line arguments
configure:6050: result: 1572864
configure:6067: checking whether the shell understands some XSI constructs
configure:6077: result: yes
configure:6081: checking whether the shell understands "+="
configure:6087: result: yes
configure:6122: checking how to convert x86_64-pc-linux-gnu file names to x86_64-pc-linux-gnu format
configure:6162: result: func_convert_file_noop
configure:6169: checking how to convert x86_64-pc-linux-gnu file names to toolchain format
configure:6189: result: func_convert_file_noop
configure:6196: checking for /usr/bin/ld option to reload object files
configure:6203: result: -r
configure:6277: checking for objdump
configure:6293: found /usr/bin/objdump
configure:6304: result: objdump
configure:6333: checking how to recognize dependent libraries
configure:6535: result: pass_all
configure:6620: checking for dlltool
configure:6650: result: no
configure:6677: checking how to associate runtime and link libraries
configure:6704: result: printf %s\n
configure:6828: checking for archiver @FILE support
configure:6845: gcc -c -g -O2  conftest.c >&5
configure:6845: $? = 0
configure:6848: ar cru libconftest.a @conftest.lst >&5
ar: `u' modifier ignored since `D' is the default (see `U')
configure:6851: $? = 0
configure:6856: ar cru libconftest.a @conftest.lst >&5
ar: `u' modifier ignored since `D' is the default (see `U')
ar: conftest.o: No such file or directory
configure:6859: $? = 1
configure:6871: result: @
configure:6929: checking for strip
configure:6945: found /usr/bin/strip
configure:6956: result: strip
configure:7028: checking for ranlib
configure:7044: found /usr/bin/ranlib
configure:7055: result: ranlib
configure:7157: checking command to parse /usr/bin/nm -B output from gcc object
configure:7277: gcc -c -g -O2  conftest.c >&5
configure:7280: $? = 0
configure:7284: /usr/bin/nm -B conftest.o \| sed -n -e 's/^.*[ ]\([ABCDGIRSTW][ABCDGIRSTW]*\)[ ][ ]*\([_A-Za-z][_A-Za-z0-9]*\)$/\1 \2 \2/p' | sed '/ __gnu_lto/d' \> conftest.nm
configure:7287: $? = 0
configure:7353: gcc -o conftest -g -O2   conftest.c conftstm.o >&5
configure:7356: $? = 0
configure:7394: result: ok
configure:7431: checking for sysroot
configure:7461: result: no
configure:7538: gcc -c -g -O2  conftest.c >&5
configure:7541: $? = 0
configure:7723: checking for mt
configure:7739: found /bin/mt
configure:7750: result: mt
configure:7773: checking if mt is a manifest tool
configure:7779: mt '-?'
configure:7787: result: no
configure:8426: checking for dlfcn.h
configure:8426: gcc -c -g -O2  conftest.c >&5
configure:8426: $? = 0
configure:8426: result: yes
configure:8929: checking for objdir
configure:8944: result: .libs
configure:9215: checking if gcc supports -fno-rtti -fno-exceptions
configure:9233: gcc -c -g -O2  -fno-rtti -fno-exceptions conftest.c >&5
cc1: warning: command line option '-fno-rtti' is valid for C++/ObjC++ but not for C
configure:9237: $? = 0
configure:9250: result: no
configure:9577: checking for gcc option to produce PIC
configure:9584: result: -fPIC -DPIC
configure:9592: checking if gcc PIC flag -fPIC -DPIC works
configure:9610: gcc -c -g -O2  -fPIC -DPIC -DPIC conftest.c >&5
configure:9614: $? = 0
configure:9627: result: yes
configure:9656: checking if gcc static flag -static works
configure:9684: result: yes
configure:9699: checking if gcc supports -c -o file.o
configure:9720: gcc -c -g -O2  -o out/conftest2.o conftest.c >&5
configure:9724: $? = 0
configure:9746: result: yes
configure:9754: checking if gcc supports -c -o file.o
configure:9801: result: yes
configure:9834: checking whether the gcc linker (/usr/bin/ld -m elf_x86_64) supports shared libraries
configure:10991: result: yes
configure:11028: checking whether -lc should be explicitly linked in
configure:11036: gcc -c -g -O2  conftest.c >&5
configure:11039: $? = 0
configure:11054: gcc -shared  -fPIC -DPIC conftest.o  -v -Wl,-soname -Wl,conftest -o conftest 2\>\&1 \| /bin/grep  -lc  \>/dev/null 2\>\&1
configure:11057: $? = 0
configure:11071: result: no
configure:11231: checking dynamic linker characteristics
configure:11762: gcc -o conftest -g -O2   -Wl,-rpath -Wl,/foo conftest.c  >&5
configure:11762: $? = 0
configure:11996: result: GNU/Linux ld.so
configure:12103: checking how to hardcode library paths into programs
configure:12128: result: immediate
configure:12668: checking whether stripping libraries is possible
configure:12673: result: yes
configure:12708: checking if libtool supports shared libraries
configure:12710: result: yes
configure:12713: checking whether to build shared libraries
configure:12734: result: yes
configure:12737: checking whether to build static libraries
configure:12741: result: no
configure:12821: checking for windres
configure:12851: result: no
configure:13002: checking whether NLS is requested
configure:13011: result: yes
configure:13051: checking for msgfmt
configure: trying /usr/bin/msgfmt...
0 translated messages.
configure:13083: result: /usr/bin/msgfmt
configure:13092: checking for gmsgfmt
configure:13123: result: /usr/bin/msgfmt
configure:13173: checking for xgettext
configure: trying /usr/bin/xgettext...
/usr/bin/xgettext: warning: file '/dev/null' extension '' is unknown; will try C
configure:13205: result: /usr/bin/xgettext
configure:13250: checking for msgmerge
configure: trying /usr/bin/msgmerge...
configure:13281: result: /usr/bin/msgmerge
configure:13339: checking for ld used by gcc
configure:13406: result: /usr/bin/ld -m elf_x86_64
configure:13413: checking if the linker (/usr/bin/ld -m elf_x86_64) is GNU ld
configure:13428: result: yes
configure:13435: checking for shared library run path origin
configure:13448: result: done
configure:14020: checking for CFPreferencesCopyAppValue
configure:14038: gcc -o conftest -g -O2   conftest.c  -Wl,-framework -Wl,CoreFoundation >&5
conftest.c:28:42: fatal error: CoreFoundation/CFPreferences.h: No such file or directory
compilation terminated.
configure:14038: $? = 1
configure: failed program was:
| /* confdefs.h */
| #define PACKAGE_NAME "libgpg-error"
| #define PACKAGE_TARNAME "libgpg-error"
| #define PACKAGE_VERSION "1.32-unknown"
| #define PACKAGE_STRING "libgpg-error 1.32-unknown"
| #define PACKAGE_BUGREPORT "https://bugs.gnupg.org"
| #define PACKAGE_URL ""
| #define PACKAGE "libgpg-error"
| #define VERSION "1.32-unknown"
| #define STDC_HEADERS 1
| #define HAVE_SYS_TYPES_H 1
| #define HAVE_SYS_STAT_H 1
| #define HAVE_STDLIB_H 1
| #define HAVE_STRING_H 1
| #define HAVE_MEMORY_H 1
| #define HAVE_STRINGS_H 1
| #define HAVE_INTTYPES_H 1
| #define HAVE_STDINT_H 1
| #define HAVE_UNISTD_H 1
| #define __EXTENSIONS__ 1
| #define _ALL_SOURCE 1
| #define _GNU_SOURCE 1
| #define _POSIX_PTHREAD_SEMANTICS 1
| #define _TANDEM_SOURCE 1
| #define HAVE_DLFCN_H 1
| #define LT_OBJDIR ".libs/"
| /* end confdefs.h.  */
| #include <CoreFoundation/CFPreferences.h>
| int
| main ()
| {
| CFPreferencesCopyAppValue(NULL, NULL)
|   ;
|   return 0;
| }
configure:14047: result: no
configure:14054: checking for CFLocaleCopyCurrent
configure:14072: gcc -o conftest -g -O2   conftest.c  -Wl,-framework -Wl,CoreFoundation >&5
conftest.c:28:37: fatal error: CoreFoundation/CFLocale.h: No such file or directory
compilation terminated.
configure:14072: $? = 1
configure: failed program was:
| /* confdefs.h */
| #define PACKAGE_NAME "libgpg-error"
| #define PACKAGE_TARNAME "libgpg-error"
| #define PACKAGE_VERSION "1.32-unknown"
| #define PACKAGE_STRING "libgpg-error 1.32-unknown"
| #define PACKAGE_BUGREPORT "https://bugs.gnupg.org"
| #define PACKAGE_URL ""
| #define PACKAGE "libgpg-error"
| #define VERSION "1.32-unknown"
| #define STDC_HEADERS 1
| #define HAVE_SYS_TYPES_H 1
| #define HAVE_SYS_STAT_H 1
| #define HAVE_STDLIB_H 1
| #define HAVE_STRING_H 1
| #define HAVE_MEMORY_H 1
| #define HAVE_STRINGS_H 1
| #define HAVE_INTTYPES_H 1
| #define HAVE_STDINT_H 1
| #define HAVE_UNISTD_H 1
| #define __EXTENSIONS__ 1
| #define _ALL_SOURCE 1
| #define _GNU_SOURCE 1
| #define _POSIX_PTHREAD_SEMANTICS 1
| #define _TANDEM_SOURCE 1
| #define HAVE_DLFCN_H 1
| #define LT_OBJDIR ".libs/"
| /* end confdefs.h.  */
| #include <CoreFoundation/CFLocale.h>
| int
| main ()
| {
| CFLocaleCopyCurrent();
|   ;
|   return 0;
| }
configure:14081: result: no
configure:14130: checking for GNU gettext in libc
configure:14154: gcc -o conftest -g -O2   conftest.c  >&5
configure:14154: $? = 0
configure:14163: result: yes
configure:14991: checking whether to use NLS
configure:14993: result: yes
configure:14996: checking where the gettext function comes from
configure:15007: result: libc
configure:15066: checking for ANSI C header files
configure:15170: result: yes
configure:15182: checking for stdlib.h
configure:15182: result: yes
configure:15182: checking locale.h usability
configure:15182: gcc -c -g -O2  conftest.c >&5
configure:15182: $? = 0
configure:15182: result: yes
configure:15182: checking locale.h presence
configure:15182: gcc -E  conftest.c
configure:15182: $? = 0
configure:15182: result: yes
configure:15182: checking for locale.h
configure:15182: result: yes
configure:15182: checking for stdint.h
configure:15182: result: yes
configure:15182: checking sys/select.h usability
configure:15182: gcc -c -g -O2  conftest.c >&5
configure:15182: $? = 0
configure:15182: result: yes
configure:15182: checking sys/select.h presence
configure:15182: gcc -E  conftest.c
configure:15182: $? = 0
configure:15182: result: yes
configure:15182: checking for sys/select.h
configure:15182: result: yes
configure:15182: checking sys/time.h usability
configure:15182: gcc -c -g -O2  conftest.c >&5
configure:15182: $? = 0
configure:15182: result: yes
configure:15182: checking sys/time.h presence
configure:15182: gcc -E  conftest.c
configure:15182: $? = 0
configure:15182: result: yes
configure:15182: checking for sys/time.h
configure:15182: result: yes
configure:15182: checking signal.h usability
configure:15182: gcc -c -g -O2  conftest.c >&5
configure:15182: $? = 0
configure:15182: result: yes
configure:15182: checking signal.h presence
configure:15182: gcc -E  conftest.c
configure:15182: $? = 0
configure:15182: result: yes
configure:15182: checking for signal.h
configure:15182: result: yes
configure:15193: checking whether strerror_r is declared
configure:15193: gcc -c -g -O2  conftest.c >&5
configure:15193: $? = 0
configure:15193: result: yes
configure:15206: checking for strerror_r
configure:15206: gcc -o conftest -g -O2   conftest.c  >&5
configure:15206: $? = 0
configure:15206: result: yes
configure:15215: checking whether strerror_r returns char *
configure:15239: gcc -c -g -O2  conftest.c >&5
configure:15239: $? = 0
configure:15277: result: yes
configure:15291: checking for strerror_r
configure:15291: result: yes
configure:15302: checking for pid_t
configure:15302: gcc -c -g -O2  conftest.c >&5
configure:15302: $? = 0
configure:15302: gcc -c -g -O2  conftest.c >&5
conftest.c: In function 'main':
conftest.c:77:20: error: expected expression before ')' token
 if (sizeof ((pid_t)))
                    ^
configure:15302: $? = 1
configure: failed program was:
| /* confdefs.h */
| #define PACKAGE_NAME "libgpg-error"
| #define PACKAGE_TARNAME "libgpg-error"
| #define PACKAGE_VERSION "1.32-unknown"
| #define PACKAGE_STRING "libgpg-error 1.32-unknown"
| #define PACKAGE_BUGREPORT "https://bugs.gnupg.org"
| #define PACKAGE_URL ""
| #define PACKAGE "libgpg-error"
| #define VERSION "1.32-unknown"
| #define STDC_HEADERS 1
| #define HAVE_SYS_TYPES_H 1
| #define HAVE_SYS_STAT_H 1
| #define HAVE_STDLIB_H 1
| #define HAVE_STRING_H 1
| #define HAVE_MEMORY_H 1
| #define HAVE_STRINGS_H 1
| #define HAVE_INTTYPES_H 1
| #define HAVE_STDINT_H 1
| #define HAVE_UNISTD_H 1
| #define __EXTENSIONS__ 1
| #define _ALL_SOURCE 1
| #define _GNU_SOURCE 1
| #define _POSIX_PTHREAD_SEMANTICS 1
| #define _TANDEM_SOURCE 1
| #define HAVE_DLFCN_H 1
| #define LT_OBJDIR ".libs/"
| #define ENABLE_NLS 1
| #define HAVE_GETTEXT 1
| #define HAVE_DCGETTEXT 1
| #define STDC_HEADERS 1
| #define HAVE_STDLIB_H 1
| #define HAVE_LOCALE_H 1
| #define HAVE_STDINT_H 1
| #define HAVE_SYS_SELECT_H 1
| #define HAVE_SYS_TIME_H 1
| #define HAVE_SIGNAL_H 1
| #define HAVE_DECL_STRERROR_R 1
| #define HAVE_STRERROR_R 1
| #define STRERROR_R_CHAR_P 1
| /* end confdefs.h.  */
| #include <stdio.h>
| #ifdef HAVE_SYS_TYPES_H
| # include <sys/types.h>
| #endif
| #ifdef HAVE_SYS_STAT_H
| # include <sys/stat.h>
| #endif
| #ifdef STDC_HEADERS
| # include <stdlib.h>
| # include <stddef.h>
| #else
| # ifdef HAVE_STDLIB_H
| #  include <stdlib.h>
| # endif
| #endif
| #ifdef HAVE_STRING_H
| # if !defined STDC_HEADERS && defined HAVE_MEMORY_H
| #  include <memory.h>
| # endif
| # include <string.h>
| #endif
| #ifdef HAVE_STRINGS_H
| # include <strings.h>
| #endif
| #ifdef HAVE_INTTYPES_H
| # include <inttypes.h>
| #endif
| #ifdef HAVE_STDINT_H
| # include <stdint.h>
| #endif
| #ifdef HAVE_UNISTD_H
| # include <unistd.h>
| #endif
| int
| main ()
| {
| if (sizeof ((pid_t)))
| 	    return 0;
|   ;
|   return 0;
| }
configure:15302: result: yes
configure:15315: checking vfork.h usability
configure:15315: gcc -c -g -O2  conftest.c >&5
conftest.c:74:19: fatal error: vfork.h: No such file or directory
compilation terminated.
configure:15315: $? = 1
configure: failed program was:
| /* confdefs.h */
| #define PACKAGE_NAME "libgpg-error"
| #define PACKAGE_TARNAME "libgpg-error"
| #define PACKAGE_VERSION "1.32-unknown"
| #define PACKAGE_STRING "libgpg-error 1.32-unknown"
| #define PACKAGE_BUGREPORT "https://bugs.gnupg.org"
| #define PACKAGE_URL ""
| #define PACKAGE "libgpg-error"
| #define VERSION "1.32-unknown"
| #define STDC_HEADERS 1
| #define HAVE_SYS_TYPES_H 1
| #define HAVE_SYS_STAT_H 1
| #define HAVE_STDLIB_H 1
| #define HAVE_STRING_H 1
| #define HAVE_MEMORY_H 1
| #define HAVE_STRINGS_H 1
| #define HAVE_INTTYPES_H 1
| #define HAVE_STDINT_H 1
| #define HAVE_UNISTD_H 1
| #define __EXTENSIONS__ 1
| #define _ALL_SOURCE 1
| #define _GNU_SOURCE 1
| #define _POSIX_PTHREAD_SEMANTICS 1
| #define _TANDEM_SOURCE 1
| #define HAVE_DLFCN_H 1
| #define LT_OBJDIR ".libs/"
| #define ENABLE_NLS 1
| #define HAVE_GETTEXT 1
| #define HAVE_DCGETTEXT 1
| #define STDC_HEADERS 1
| #define HAVE_STDLIB_H 1
| #define HAVE_LOCALE_H 1
| #define HAVE_STDINT_H 1
| #define HAVE_SYS_SELECT_H 1
| #define HAVE_SYS_TIME_H 1
| #define HAVE_SIGNAL_H 1
| #define HAVE_DECL_STRERROR_R 1
| #define HAVE_STRERROR_R 1
| #define STRERROR_R_CHAR_P 1
| /* end confdefs.h.  */
| #include <stdio.h>
| #ifdef HAVE_SYS_TYPES_H
| # include <sys/types.h>
| #endif
| #ifdef HAVE_SYS_STAT_H
| # include <sys/stat.h>
| #endif
| #ifdef STDC_HEADERS
| # include <stdlib.h>
| # include <stddef.h>
| #else
| # ifdef HAVE_STDLIB_H
| #  include <stdlib.h>
| # endif
| #endif
| #ifdef HAVE_STRING_H
| # if !defined STDC_HEADERS && defined HAVE_MEMORY_H
| #  include <memory.h>
| # endif
| # include <string.h>
| #endif
| #ifdef HAVE_STRINGS_H
| # include <strings.h>
| #endif
| #ifdef HAVE_INTTYPES_H
| # include <inttypes.h>
| #endif
| #ifdef HAVE_STDINT_H
| # include <stdint.h>
| #endif
| #ifdef HAVE_UNISTD_H
| # include <unistd.h>
| #endif
| #include <vfork.h>
configure:15315: result: no
configure:15315: checking vfork.h presence
configure:15315: gcc -E  conftest.c
conftest.c:41:19: fatal error: vfork.h: No such file or directory
compilation terminated.
configure:15315: $? = 1
configure: failed program was:
| /* confdefs.h */
| #define PACKAGE_NAME "libgpg-error"
| #define PACKAGE_TARNAME "libgpg-error"
| #define PACKAGE_VERSION "1.32-unknown"
| #define PACKAGE_STRING "libgpg-error 1.32-unknown"
| #define PACKAGE_BUGREPORT "https://bugs.gnupg.org"
| #define PACKAGE_URL ""
| #define PACKAGE "libgpg-error"
| #define VERSION "1.32-unknown"
| #define STDC_HEADERS 1
| #define HAVE_SYS_TYPES_H 1
| #define HAVE_SYS_STAT_H 1
| #define HAVE_STDLIB_H 1
| #define HAVE_STRING_H 1
| #define HAVE_MEMORY_H 1
| #define HAVE_STRINGS_H 1
| #define HAVE_INTTYPES_H 1
| #define HAVE_STDINT_H 1
| #define HAVE_UNISTD_H 1
| #define __EXTENSIONS__ 1
| #define _ALL_SOURCE 1
| #define _GNU_SOURCE 1
| #define _POSIX_PTHREAD_SEMANTICS 1
| #define _TANDEM_SOURCE 1
| #define HAVE_DLFCN_H 1
| #define LT_OBJDIR ".libs/"
| #define ENABLE_NLS 1
| #define HAVE_GETTEXT 1
| #define HAVE_DCGETTEXT 1
| #define STDC_HEADERS 1
| #define HAVE_STDLIB_H 1
| #define HAVE_LOCALE_H 1
| #define HAVE_STDINT_H 1
| #define HAVE_SYS_SELECT_H 1
| #define HAVE_SYS_TIME_H 1
| #define HAVE_SIGNAL_H 1
| #define HAVE_DECL_STRERROR_R 1
| #define HAVE_STRERROR_R 1
| #define STRERROR_R_CHAR_P 1
| /* end confdefs.h.  */
| #include <vfork.h>
configure:15315: result: no
configure:15315: checking for vfork.h
configure:15315: result: no
configure:15328: checking for fork
configure:15328: gcc -o conftest -g -O2   conftest.c  >&5
conftest.c:64:6: warning: conflicting types for built-in function 'fork'
 char fork ();
      ^
configure:15328: $? = 0
configure:15328: result: yes
configure:15328: checking for vfork
configure:15328: gcc -o conftest -g -O2   conftest.c  >&5
configure:15328: $? = 0
configure:15328: result: yes
configure:15338: checking for working fork
configure:15360: gcc -o conftest -g -O2   conftest.c  >&5
configure:15360: $? = 0
configure:15360: ./conftest
configure:15360: $? = 0
configure:15370: result: yes
configure:15391: checking for working vfork
configure:15501: result: yes
configure:15530: checking for flockfile
configure:15530: gcc -o conftest -g -O2   conftest.c  >&5
configure:15530: $? = 0
configure:15530: result: yes
configure:15530: checking for vasprintf
configure:15530: gcc -o conftest -g -O2   conftest.c  >&5
configure:15530: $? = 0
configure:15530: result: yes
configure:15530: checking for mmap
configure:15530: gcc -o conftest -g -O2   conftest.c  >&5
configure:15530: $? = 0
configure:15530: result: yes
configure:15530: checking for rand
configure:15530: gcc -o conftest -g -O2   conftest.c  >&5
configure:15530: $? = 0
configure:15530: result: yes
configure:15530: checking for strlwr
configure:15530: gcc -o conftest -g -O2   conftest.c  >&5
/tmp/ccYJLk3L.o: In function `main':
/home/tony/project/libgpg-error-1.32/conftest.c:83: undefined reference to `strlwr'
collect2: error: ld returned 1 exit status
configure:15530: $? = 1
configure: failed program was:
| /* confdefs.h */
| #define PACKAGE_NAME "libgpg-error"
| #define PACKAGE_TARNAME "libgpg-error"
| #define PACKAGE_VERSION "1.32-unknown"
| #define PACKAGE_STRING "libgpg-error 1.32-unknown"
| #define PACKAGE_BUGREPORT "https://bugs.gnupg.org"
| #define PACKAGE_URL ""
| #define PACKAGE "libgpg-error"
| #define VERSION "1.32-unknown"
| #define STDC_HEADERS 1
| #define HAVE_SYS_TYPES_H 1
| #define HAVE_SYS_STAT_H 1
| #define HAVE_STDLIB_H 1
| #define HAVE_STRING_H 1
| #define HAVE_MEMORY_H 1
| #define HAVE_STRINGS_H 1
| #define HAVE_INTTYPES_H 1
| #define HAVE_STDINT_H 1
| #define HAVE_UNISTD_H 1
| #define __EXTENSIONS__ 1
| #define _ALL_SOURCE 1
| #define _GNU_SOURCE 1
| #define _POSIX_PTHREAD_SEMANTICS 1
| #define _TANDEM_SOURCE 1
| #define HAVE_DLFCN_H 1
| #define LT_OBJDIR ".libs/"
| #define ENABLE_NLS 1
| #define HAVE_GETTEXT 1
| #define HAVE_DCGETTEXT 1
| #define STDC_HEADERS 1
| #define HAVE_STDLIB_H 1
| #define HAVE_LOCALE_H 1
| #define HAVE_STDINT_H 1
| #define HAVE_SYS_SELECT_H 1
| #define HAVE_SYS_TIME_H 1
| #define HAVE_SIGNAL_H 1
| #define HAVE_DECL_STRERROR_R 1
| #define HAVE_STRERROR_R 1
| #define STRERROR_R_CHAR_P 1
| #define HAVE_FORK 1
| #define HAVE_VFORK 1
| #define HAVE_WORKING_VFORK 1
| #define HAVE_WORKING_FORK 1
| #define HAVE_FLOCKFILE 1
| #define HAVE_VASPRINTF 1
| #define HAVE_MMAP 1
| #define HAVE_RAND 1
| /* end confdefs.h.  */
| /* Define strlwr to an innocuous variant, in case <limits.h> declares strlwr.
|    For example, HP-UX 11i <limits.h> declares gettimeofday.  */
| #define strlwr innocuous_strlwr
| 
| /* System header to define __stub macros and hopefully few prototypes,
|     which can conflict with char strlwr (); below.
|     Prefer <limits.h> to <assert.h> if __STDC__ is defined, since
|     <limits.h> exists even on freestanding compilers.  */
| 
| #ifdef __STDC__
| # include <limits.h>
| #else
| # include <assert.h>
| #endif
| 
| #undef strlwr
| 
| /* Override any GCC internal prototype to avoid an error.
|    Use char because int might match the return type of a GCC
|    builtin and then its argument prototype would still apply.  */
| #ifdef __cplusplus
| extern "C"
| #endif
| char strlwr ();
| /* The GNU C library defines this for functions which it implements
|     to always fail with ENOSYS.  Some functions are actually named
|     something starting with __ and the normal name is an alias.  */
| #if defined __stub_strlwr || defined __stub___strlwr
| choke me
| #endif
| 
| int
| main ()
| {
| return strlwr ();
|   ;
|   return 0;
| }
configure:15530: result: no
configure:15530: checking for stpcpy
configure:15530: gcc -o conftest -g -O2   conftest.c  >&5
conftest.c:72:6: warning: conflicting types for built-in function 'stpcpy'
 char stpcpy ();
      ^
configure:15530: $? = 0
configure:15530: result: yes
configure:15530: checking for setenv
configure:15530: gcc -o conftest -g -O2   conftest.c  >&5
configure:15530: $? = 0
configure:15530: result: yes
configure:15530: checking for stat
configure:15530: gcc -o conftest -g -O2   conftest.c  >&5
configure:15530: $? = 0
configure:15530: result: yes
configure:15530: checking for getrlimit
configure:15530: gcc -o conftest -g -O2   conftest.c  >&5
configure:15530: $? = 0
configure:15530: result: yes
configure:15544: checking for an ANSI C-conforming const
configure:15610: gcc -c -g -O2  conftest.c >&5
configure:15610: $? = 0
configure:15617: result: yes
configure:15630: checking size of int
configure:15635: gcc -o conftest -g -O2   conftest.c  >&5
configure:15635: $? = 0
configure:15635: ./conftest
configure:15635: $? = 0
configure:15649: result: 4
configure:15663: checking size of long
configure:15668: gcc -o conftest -g -O2   conftest.c  >&5
configure:15668: $? = 0
configure:15668: ./conftest
configure:15668: $? = 0
configure:15682: result: 8
configure:15696: checking size of long long
configure:15701: gcc -o conftest -g -O2   conftest.c  >&5
configure:15701: $? = 0
configure:15701: ./conftest
configure:15701: $? = 0
configure:15715: result: 8
configure:15725: checking whether time.h and sys/time.h may both be included
configure:15745: gcc -c -g -O2  conftest.c >&5
configure:15745: $? = 0
configure:15752: result: yes
configure:15764: checking size of time_t
configure:15769: gcc -o conftest -g -O2   conftest.c  >&5
configure:15769: $? = 0
configure:15769: ./conftest
configure:15769: $? = 0
configure:15796: result: 8
configure:15810: checking for sys/stat.h
configure:15810: result: yes
configure:15810: checking for unistd.h
configure:15810: result: yes
configure:15810: checking direct.h usability
configure:15810: gcc -c -g -O2  conftest.c >&5
conftest.c:93:20: fatal error: direct.h: No such file or directory
compilation terminated.
configure:15810: $? = 1
configure: failed program was:
| /* confdefs.h */
| #define PACKAGE_NAME "libgpg-error"
| #define PACKAGE_TARNAME "libgpg-error"
| #define PACKAGE_VERSION "1.32-unknown"
| #define PACKAGE_STRING "libgpg-error 1.32-unknown"
| #define PACKAGE_BUGREPORT "https://bugs.gnupg.org"
| #define PACKAGE_URL ""
| #define PACKAGE "libgpg-error"
| #define VERSION "1.32-unknown"
| #define STDC_HEADERS 1
| #define HAVE_SYS_TYPES_H 1
| #define HAVE_SYS_STAT_H 1
| #define HAVE_STDLIB_H 1
| #define HAVE_STRING_H 1
| #define HAVE_MEMORY_H 1
| #define HAVE_STRINGS_H 1
| #define HAVE_INTTYPES_H 1
| #define HAVE_STDINT_H 1
| #define HAVE_UNISTD_H 1
| #define __EXTENSIONS__ 1
| #define _ALL_SOURCE 1
| #define _GNU_SOURCE 1
| #define _POSIX_PTHREAD_SEMANTICS 1
| #define _TANDEM_SOURCE 1
| #define HAVE_DLFCN_H 1
| #define LT_OBJDIR ".libs/"
| #define ENABLE_NLS 1
| #define HAVE_GETTEXT 1
| #define HAVE_DCGETTEXT 1
| #define STDC_HEADERS 1
| #define HAVE_STDLIB_H 1
| #define HAVE_LOCALE_H 1
| #define HAVE_STDINT_H 1
| #define HAVE_SYS_SELECT_H 1
| #define HAVE_SYS_TIME_H 1
| #define HAVE_SIGNAL_H 1
| #define HAVE_DECL_STRERROR_R 1
| #define HAVE_STRERROR_R 1
| #define STRERROR_R_CHAR_P 1
| #define HAVE_FORK 1
| #define HAVE_VFORK 1
| #define HAVE_WORKING_VFORK 1
| #define HAVE_WORKING_FORK 1
| #define HAVE_FLOCKFILE 1
| #define HAVE_VASPRINTF 1
| #define HAVE_MMAP 1
| #define HAVE_RAND 1
| #define HAVE_STPCPY 1
| #define HAVE_SETENV 1
| #define HAVE_STAT 1
| #define HAVE_GETRLIMIT 1
| #define SIZEOF_INT 4
| #define SIZEOF_LONG 8
| #define SIZEOF_LONG_LONG 8
| #define TIME_WITH_SYS_TIME 1
| #define SIZEOF_TIME_T 8
| #define HAVE_SYS_STAT_H 1
| #define HAVE_UNISTD_H 1
| /* end confdefs.h.  */
| #include <stdio.h>
| #ifdef HAVE_SYS_TYPES_H
| # include <sys/types.h>
| #endif
| #ifdef HAVE_SYS_STAT_H
| # include <sys/stat.h>
| #endif
| #ifdef STDC_HEADERS
| # include <stdlib.h>
| # include <stddef.h>
| #else
| # ifdef HAVE_STDLIB_H
| #  include <stdlib.h>
| # endif
| #endif
| #ifdef HAVE_STRING_H
| # if !defined STDC_HEADERS && defined HAVE_MEMORY_H
| #  include <memory.h>
| # endif
| # include <string.h>
| #endif
| #ifdef HAVE_STRINGS_H
| # include <strings.h>
| #endif
| #ifdef HAVE_INTTYPES_H
| # include <inttypes.h>
| #endif
| #ifdef HAVE_STDINT_H
| # include <stdint.h>
| #endif
| #ifdef HAVE_UNISTD_H
| # include <unistd.h>
| #endif
| #include <direct.h>
configure:15810: result: no
configure:15810: checking direct.h presence
configure:15810: gcc -E  conftest.c
conftest.c:60:20: fatal error: direct.h: No such file or directory
compilation terminated.
configure:15810: $? = 1
configure: failed program was:
| /* confdefs.h */
| #define PACKAGE_NAME "libgpg-error"
| #define PACKAGE_TARNAME "libgpg-error"
| #define PACKAGE_VERSION "1.32-unknown"
| #define PACKAGE_STRING "libgpg-error 1.32-unknown"
| #define PACKAGE_BUGREPORT "https://bugs.gnupg.org"
| #define PACKAGE_URL ""
| #define PACKAGE "libgpg-error"
| #define VERSION "1.32-unknown"
| #define STDC_HEADERS 1
| #define HAVE_SYS_TYPES_H 1
| #define HAVE_SYS_STAT_H 1
| #define HAVE_STDLIB_H 1
| #define HAVE_STRING_H 1
| #define HAVE_MEMORY_H 1
| #define HAVE_STRINGS_H 1
| #define HAVE_INTTYPES_H 1
| #define HAVE_STDINT_H 1
| #define HAVE_UNISTD_H 1
| #define __EXTENSIONS__ 1
| #define _ALL_SOURCE 1
| #define _GNU_SOURCE 1
| #define _POSIX_PTHREAD_SEMANTICS 1
| #define _TANDEM_SOURCE 1
| #define HAVE_DLFCN_H 1
| #define LT_OBJDIR ".libs/"
| #define ENABLE_NLS 1
| #define HAVE_GETTEXT 1
| #define HAVE_DCGETTEXT 1
| #define STDC_HEADERS 1
| #define HAVE_STDLIB_H 1
| #define HAVE_LOCALE_H 1
| #define HAVE_STDINT_H 1
| #define HAVE_SYS_SELECT_H 1
| #define HAVE_SYS_TIME_H 1
| #define HAVE_SIGNAL_H 1
| #define HAVE_DECL_STRERROR_R 1
| #define HAVE_STRERROR_R 1
| #define STRERROR_R_CHAR_P 1
| #define HAVE_FORK 1
| #define HAVE_VFORK 1
| #define HAVE_WORKING_VFORK 1
| #define HAVE_WORKING_FORK 1
| #define HAVE_FLOCKFILE 1
| #define HAVE_VASPRINTF 1
| #define HAVE_MMAP 1
| #define HAVE_RAND 1
| #define HAVE_STPCPY 1
| #define HAVE_SETENV 1
| #define HAVE_STAT 1
| #define HAVE_GETRLIMIT 1
| #define SIZEOF_INT 4
| #define SIZEOF_LONG 8
| #define SIZEOF_LONG_LONG 8
| #define TIME_WITH_SYS_TIME 1
| #define SIZEOF_TIME_T 8
| #define HAVE_SYS_STAT_H 1
| #define HAVE_UNISTD_H 1
| /* end confdefs.h.  */
| #include <direct.h>
configure:15810: result: no
configure:15810: checking for direct.h
configure:15810: result: no
configure:15820: checking if mkdir takes one argument
configure:15846: gcc -c -g -O2  conftest.c >&5
configure:15846: $? = 0
configure:15853: result: no
configure:15889: checking for cc features
configure:15894: checking if gcc ignores unknown -Wno-* options
configure:15910: gcc -c -g -O2  conftest.c >&5
configure:15910: $? = 0
configure:15916: result: yes
configure:15992: checking if gcc supports -Wpointer-arith
configure:16007: gcc -c -Wpointer-arith  conftest.c >&5
configure:16007: $? = 0
configure:16013: result: yes
configure:16032: checking whether the GCC style aligned attribute is supported
configure:16042: gcc -c -g -O2 -Wall -Wpointer-arith -Wno-psabi  conftest.c >&5
configure:16042: $? = 0
configure:16047: result: yes
configure:16058: checking whether the visibility attribute is supported
configure:16081: result: yes
configure:16084: checking for broken visibility attribute
configure:16108: result: no
configure:16112: checking for broken alias attribute
configure:16138: result: no
configure:16142: checking if gcc supports -fvisibility=hidden
configure:16161: gcc -c -fvisibility=hidden  conftest.c >&5
configure:16161: $? = 0
configure:16168: result: yes
configure:16238: checking whether imported symbols can be declared weak
configure:16256: gcc -o conftest -g -O2 -Wall -Wpointer-arith -Wno-psabi -fvisibility=hidden   conftest.c  >&5
configure:16256: $? = 0
configure:16290: gcc -o conftest -g -O2 -Wall -Wpointer-arith -Wno-psabi -fvisibility=hidden   conftest.c  >&5
configure:16290: $? = 0
configure:16290: ./conftest
configure:16290: $? = 0
configure:16302: result: yes
configure:16307: checking pthread.h usability
configure:16307: gcc -c -g -O2 -Wall -Wpointer-arith -Wno-psabi -fvisibility=hidden  conftest.c >&5
configure:16307: $? = 0
configure:16307: result: yes
configure:16307: checking pthread.h presence
configure:16307: gcc -E  conftest.c
configure:16307: $? = 0
configure:16307: result: yes
configure:16307: checking for pthread.h
configure:16307: result: yes
configure:16335: gcc -o conftest -g -O2 -Wall -Wpointer-arith -Wno-psabi -fvisibility=hidden   conftest.c  >&5
conftest.c: In function 'main':
conftest.c:67:1: warning: null argument where non-null required (argument 1) [-Wnonnull]
 pthread_mutex_lock((pthread_mutex_t*)0);
 ^
conftest.c:68:16: warning: null argument where non-null required (argument 1) [-Wnonnull]
                pthread_mutexattr_init((pthread_mutexattr_t*)0);
                ^
/tmp/ccDaWbzd.o: In function `main':
/home/tony/project/libgpg-error-1.32/conftest.c:68: undefined reference to `pthread_mutexattr_init'
collect2: error: ld returned 1 exit status
configure:16335: $? = 1
configure: failed program was:
| /* confdefs.h */
| #define PACKAGE_NAME "libgpg-error"
| #define PACKAGE_TARNAME "libgpg-error"
| #define PACKAGE_VERSION "1.32-unknown"
| #define PACKAGE_STRING "libgpg-error 1.32-unknown"
| #define PACKAGE_BUGREPORT "https://bugs.gnupg.org"
| #define PACKAGE_URL ""
| #define PACKAGE "libgpg-error"
| #define VERSION "1.32-unknown"
| #define STDC_HEADERS 1
| #define HAVE_SYS_TYPES_H 1
| #define HAVE_SYS_STAT_H 1
| #define HAVE_STDLIB_H 1
| #define HAVE_STRING_H 1
| #define HAVE_MEMORY_H 1
| #define HAVE_STRINGS_H 1
| #define HAVE_INTTYPES_H 1
| #define HAVE_STDINT_H 1
| #define HAVE_UNISTD_H 1
| #define __EXTENSIONS__ 1
| #define _ALL_SOURCE 1
| #define _GNU_SOURCE 1
| #define _POSIX_PTHREAD_SEMANTICS 1
| #define _TANDEM_SOURCE 1
| #define HAVE_DLFCN_H 1
| #define LT_OBJDIR ".libs/"
| #define ENABLE_NLS 1
| #define HAVE_GETTEXT 1
| #define HAVE_DCGETTEXT 1
| #define STDC_HEADERS 1
| #define HAVE_STDLIB_H 1
| #define HAVE_LOCALE_H 1
| #define HAVE_STDINT_H 1
| #define HAVE_SYS_SELECT_H 1
| #define HAVE_SYS_TIME_H 1
| #define HAVE_SIGNAL_H 1
| #define HAVE_DECL_STRERROR_R 1
| #define HAVE_STRERROR_R 1
| #define STRERROR_R_CHAR_P 1
| #define HAVE_FORK 1
| #define HAVE_VFORK 1
| #define HAVE_WORKING_VFORK 1
| #define HAVE_WORKING_FORK 1
| #define HAVE_FLOCKFILE 1
| #define HAVE_VASPRINTF 1
| #define HAVE_MMAP 1
| #define HAVE_RAND 1
| #define HAVE_STPCPY 1
| #define HAVE_SETENV 1
| #define HAVE_STAT 1
| #define HAVE_GETRLIMIT 1
| #define SIZEOF_INT 4
| #define SIZEOF_LONG 8
| #define SIZEOF_LONG_LONG 8
| #define TIME_WITH_SYS_TIME 1
| #define SIZEOF_TIME_T 8
| #define HAVE_SYS_STAT_H 1
| #define HAVE_UNISTD_H 1
| #define REPLACEMENT_FOR_OFF_T "long"
| #define HAVE_GCC_ATTRIBUTE_ALIGNED 1
| #define GPGRT_USE_VISIBILITY 1
| /* end confdefs.h.  */
| #include <pthread.h>
| int
| main ()
| {
| pthread_mutex_lock((pthread_mutex_t*)0);
|                pthread_mutexattr_init((pthread_mutexattr_t*)0);
|   ;
|   return 0;
| }
configure:16398: checking for pthread_kill in -lpthread
configure:16423: gcc -o conftest -g -O2 -Wall -Wpointer-arith -Wno-psabi -fvisibility=hidden   conftest.c -lpthread   >&5
configure:16423: $? = 0
configure:16432: result: yes
configure:16564: checking for multithread API to use
configure:16566: result: posix
configure:16582: checking for pthread_rwlock_t
configure:16582: gcc -c -g -O2 -Wall -Wpointer-arith -Wno-psabi -fvisibility=hidden  conftest.c >&5
configure:16582: $? = 0
configure:16582: gcc -c -g -O2 -Wall -Wpointer-arith -Wno-psabi -fvisibility=hidden  conftest.c >&5
conftest.c: In function 'main':
conftest.c:70:31: error: expected expression before ')' token
 if (sizeof ((pthread_rwlock_t)))
                               ^
configure:16582: $? = 1
configure: failed program was:
| /* confdefs.h */
| #define PACKAGE_NAME "libgpg-error"
| #define PACKAGE_TARNAME "libgpg-error"
| #define PACKAGE_VERSION "1.32-unknown"
| #define PACKAGE_STRING "libgpg-error 1.32-unknown"
| #define PACKAGE_BUGREPORT "https://bugs.gnupg.org"
| #define PACKAGE_URL ""
| #define PACKAGE "libgpg-error"
| #define VERSION "1.32-unknown"
| #define STDC_HEADERS 1
| #define HAVE_SYS_TYPES_H 1
| #define HAVE_SYS_STAT_H 1
| #define HAVE_STDLIB_H 1
| #define HAVE_STRING_H 1
| #define HAVE_MEMORY_H 1
| #define HAVE_STRINGS_H 1
| #define HAVE_INTTYPES_H 1
| #define HAVE_STDINT_H 1
| #define HAVE_UNISTD_H 1
| #define __EXTENSIONS__ 1
| #define _ALL_SOURCE 1
| #define _GNU_SOURCE 1
| #define _POSIX_PTHREAD_SEMANTICS 1
| #define _TANDEM_SOURCE 1
| #define HAVE_DLFCN_H 1
| #define LT_OBJDIR ".libs/"
| #define ENABLE_NLS 1
| #define HAVE_GETTEXT 1
| #define HAVE_DCGETTEXT 1
| #define STDC_HEADERS 1
| #define HAVE_STDLIB_H 1
| #define HAVE_LOCALE_H 1
| #define HAVE_STDINT_H 1
| #define HAVE_SYS_SELECT_H 1
| #define HAVE_SYS_TIME_H 1
| #define HAVE_SIGNAL_H 1
| #define HAVE_DECL_STRERROR_R 1
| #define HAVE_STRERROR_R 1
| #define STRERROR_R_CHAR_P 1
| #define HAVE_FORK 1
| #define HAVE_VFORK 1
| #define HAVE_WORKING_VFORK 1
| #define HAVE_WORKING_FORK 1
| #define HAVE_FLOCKFILE 1
| #define HAVE_VASPRINTF 1
| #define HAVE_MMAP 1
| #define HAVE_RAND 1
| #define HAVE_STPCPY 1
| #define HAVE_SETENV 1
| #define HAVE_STAT 1
| #define HAVE_GETRLIMIT 1
| #define SIZEOF_INT 4
| #define SIZEOF_LONG 8
| #define SIZEOF_LONG_LONG 8
| #define TIME_WITH_SYS_TIME 1
| #define SIZEOF_TIME_T 8
| #define HAVE_SYS_STAT_H 1
| #define HAVE_UNISTD_H 1
| #define REPLACEMENT_FOR_OFF_T "long"
| #define HAVE_GCC_ATTRIBUTE_ALIGNED 1
| #define GPGRT_USE_VISIBILITY 1
| #define USE_POSIX_THREADS 1
| #define USE_POSIX_THREADS_WEAK 1
| /* end confdefs.h.  */
| #include <pthread.h>
| 
| int
| main ()
| {
| if (sizeof ((pthread_rwlock_t)))
| 	    return 0;
|   ;
|   return 0;
| }
configure:16582: result: yes
configure:16613: gcc -c -g -O2 -Wall -Wpointer-arith -Wno-psabi -fvisibility=hidden  conftest.c >&5
configure:16613: $? = 0
configure:16627: checking size of pthread_mutex_t
configure:16632: gcc -o conftest -g -O2 -Wall -Wpointer-arith -Wno-psabi -fvisibility=hidden   conftest.c  >&5
configure:16632: $? = 0
configure:16632: ./conftest
configure:16632: $? = 0
configure:16648: result: 40
configure:16669: checking for library containing sched_yield
configure:16700: gcc -o conftest -g -O2 -Wall -Wpointer-arith -Wno-psabi -fvisibility=hidden   conftest.c  >&5
configure:16700: $? = 0
configure:16717: result: none required
configure:16731: checking for library containing inet_addr
configure:16762: gcc -o conftest -g -O2 -Wall -Wpointer-arith -Wno-psabi -fvisibility=hidden   conftest.c  >&5
configure:16762: $? = 0
configure:16779: result: none required
configure:16789: checking for library containing socket
configure:16820: gcc -o conftest -g -O2 -Wall -Wpointer-arith -Wno-psabi -fvisibility=hidden   conftest.c  >&5
configure:16820: $? = 0
configure:16837: result: none required
configure:16874: checking whether readline via "-lreadline" is present and sane
configure:16899: gcc -o conftest -g -O2 -Wall -Wpointer-arith -Wno-psabi -fvisibility=hidden   conftest.c  -lreadline >&5
conftest.c:70:31: fatal error: readline/readline.h: No such file or directory
compilation terminated.
configure:16899: $? = 1
configure: failed program was:
| /* confdefs.h */
| #define PACKAGE_NAME "libgpg-error"
| #define PACKAGE_TARNAME "libgpg-error"
| #define PACKAGE_VERSION "1.32-unknown"
| #define PACKAGE_STRING "libgpg-error 1.32-unknown"
| #define PACKAGE_BUGREPORT "https://bugs.gnupg.org"
| #define PACKAGE_URL ""
| #define PACKAGE "libgpg-error"
| #define VERSION "1.32-unknown"
| #define STDC_HEADERS 1
| #define HAVE_SYS_TYPES_H 1
| #define HAVE_SYS_STAT_H 1
| #define HAVE_STDLIB_H 1
| #define HAVE_STRING_H 1
| #define HAVE_MEMORY_H 1
| #define HAVE_STRINGS_H 1
| #define HAVE_INTTYPES_H 1
| #define HAVE_STDINT_H 1
| #define HAVE_UNISTD_H 1
| #define __EXTENSIONS__ 1
| #define _ALL_SOURCE 1
| #define _GNU_SOURCE 1
| #define _POSIX_PTHREAD_SEMANTICS 1
| #define _TANDEM_SOURCE 1
| #define HAVE_DLFCN_H 1
| #define LT_OBJDIR ".libs/"
| #define ENABLE_NLS 1
| #define HAVE_GETTEXT 1
| #define HAVE_DCGETTEXT 1
| #define STDC_HEADERS 1
| #define HAVE_STDLIB_H 1
| #define HAVE_LOCALE_H 1
| #define HAVE_STDINT_H 1
| #define HAVE_SYS_SELECT_H 1
| #define HAVE_SYS_TIME_H 1
| #define HAVE_SIGNAL_H 1
| #define HAVE_DECL_STRERROR_R 1
| #define HAVE_STRERROR_R 1
| #define STRERROR_R_CHAR_P 1
| #define HAVE_FORK 1
| #define HAVE_VFORK 1
| #define HAVE_WORKING_VFORK 1
| #define HAVE_WORKING_FORK 1
| #define HAVE_FLOCKFILE 1
| #define HAVE_VASPRINTF 1
| #define HAVE_MMAP 1
| #define HAVE_RAND 1
| #define HAVE_STPCPY 1
| #define HAVE_SETENV 1
| #define HAVE_STAT 1
| #define HAVE_GETRLIMIT 1
| #define SIZEOF_INT 4
| #define SIZEOF_LONG 8
| #define SIZEOF_LONG_LONG 8
| #define TIME_WITH_SYS_TIME 1
| #define SIZEOF_TIME_T 8
| #define HAVE_SYS_STAT_H 1
| #define HAVE_UNISTD_H 1
| #define REPLACEMENT_FOR_OFF_T "long"
| #define HAVE_GCC_ATTRIBUTE_ALIGNED 1
| #define GPGRT_USE_VISIBILITY 1
| #define USE_POSIX_THREADS 1
| #define USE_POSIX_THREADS_WEAK 1
| #define HAVE_PTHREAD_RWLOCK 1
| #define HAVE_PTHREAD_MUTEX_RECURSIVE 1
| #define SIZEOF_PTHREAD_MUTEX_T 40
| /* end confdefs.h.  */
| 
| #include <stdio.h>
| #include <readline/readline.h>
| #include <readline/history.h>
| 
| int
| main ()
| {
| 
| rl_completion_func_t *completer;
| add_history("foobar");
| rl_catch_signals=0;
| rl_inhibit_completion=0;
| rl_attempted_completion_function=NULL;
| rl_completion_matches(NULL,NULL);
| 
|   ;
|   return 0;
| }
configure:16907: result: no
configure:16874: checking whether readline via "-lreadline -ltermcap" is present and sane
configure:16899: gcc -o conftest -g -O2 -Wall -Wpointer-arith -Wno-psabi -fvisibility=hidden   conftest.c  -lreadline -ltermcap >&5
conftest.c:70:31: fatal error: readline/readline.h: No such file or directory
compilation terminated.
configure:16899: $? = 1
configure: failed program was:
| /* confdefs.h */
| #define PACKAGE_NAME "libgpg-error"
| #define PACKAGE_TARNAME "libgpg-error"
| #define PACKAGE_VERSION "1.32-unknown"
| #define PACKAGE_STRING "libgpg-error 1.32-unknown"
| #define PACKAGE_BUGREPORT "https://bugs.gnupg.org"
| #define PACKAGE_URL ""
| #define PACKAGE "libgpg-error"
| #define VERSION "1.32-unknown"
| #define STDC_HEADERS 1
| #define HAVE_SYS_TYPES_H 1
| #define HAVE_SYS_STAT_H 1
| #define HAVE_STDLIB_H 1
| #define HAVE_STRING_H 1
| #define HAVE_MEMORY_H 1
| #define HAVE_STRINGS_H 1
| #define HAVE_INTTYPES_H 1
| #define HAVE_STDINT_H 1
| #define HAVE_UNISTD_H 1
| #define __EXTENSIONS__ 1
| #define _ALL_SOURCE 1
| #define _GNU_SOURCE 1
| #define _POSIX_PTHREAD_SEMANTICS 1
| #define _TANDEM_SOURCE 1
| #define HAVE_DLFCN_H 1
| #define LT_OBJDIR ".libs/"
| #define ENABLE_NLS 1
| #define HAVE_GETTEXT 1
| #define HAVE_DCGETTEXT 1
| #define STDC_HEADERS 1
| #define HAVE_STDLIB_H 1
| #define HAVE_LOCALE_H 1
| #define HAVE_STDINT_H 1
| #define HAVE_SYS_SELECT_H 1
| #define HAVE_SYS_TIME_H 1
| #define HAVE_SIGNAL_H 1
| #define HAVE_DECL_STRERROR_R 1
| #define HAVE_STRERROR_R 1
| #define STRERROR_R_CHAR_P 1
| #define HAVE_FORK 1
| #define HAVE_VFORK 1
| #define HAVE_WORKING_VFORK 1
| #define HAVE_WORKING_FORK 1
| #define HAVE_FLOCKFILE 1
| #define HAVE_VASPRINTF 1
| #define HAVE_MMAP 1
| #define HAVE_RAND 1
| #define HAVE_STPCPY 1
| #define HAVE_SETENV 1
| #define HAVE_STAT 1
| #define HAVE_GETRLIMIT 1
| #define SIZEOF_INT 4
| #define SIZEOF_LONG 8
| #define SIZEOF_LONG_LONG 8
| #define TIME_WITH_SYS_TIME 1
| #define SIZEOF_TIME_T 8
| #define HAVE_SYS_STAT_H 1
| #define HAVE_UNISTD_H 1
| #define REPLACEMENT_FOR_OFF_T "long"
| #define HAVE_GCC_ATTRIBUTE_ALIGNED 1
| #define GPGRT_USE_VISIBILITY 1
| #define USE_POSIX_THREADS 1
| #define USE_POSIX_THREADS_WEAK 1
| #define HAVE_PTHREAD_RWLOCK 1
| #define HAVE_PTHREAD_MUTEX_RECURSIVE 1
| #define SIZEOF_PTHREAD_MUTEX_T 40
| /* end confdefs.h.  */
| 
| #include <stdio.h>
| #include <readline/readline.h>
| #include <readline/history.h>
| 
| int
| main ()
| {
| 
| rl_completion_func_t *completer;
| add_history("foobar");
| rl_catch_signals=0;
| rl_inhibit_completion=0;
| rl_attempted_completion_function=NULL;
| rl_completion_matches(NULL,NULL);
| 
|   ;
|   return 0;
| }
configure:16907: result: no
configure:16874: checking whether readline via "-lreadline -lcurses" is present and sane
configure:16899: gcc -o conftest -g -O2 -Wall -Wpointer-arith -Wno-psabi -fvisibility=hidden   conftest.c  -lreadline -lcurses >&5
conftest.c:70:31: fatal error: readline/readline.h: No such file or directory
compilation terminated.
configure:16899: $? = 1
configure: failed program was:
| /* confdefs.h */
| #define PACKAGE_NAME "libgpg-error"
| #define PACKAGE_TARNAME "libgpg-error"
| #define PACKAGE_VERSION "1.32-unknown"
| #define PACKAGE_STRING "libgpg-error 1.32-unknown"
| #define PACKAGE_BUGREPORT "https://bugs.gnupg.org"
| #define PACKAGE_URL ""
| #define PACKAGE "libgpg-error"
| #define VERSION "1.32-unknown"
| #define STDC_HEADERS 1
| #define HAVE_SYS_TYPES_H 1
| #define HAVE_SYS_STAT_H 1
| #define HAVE_STDLIB_H 1
| #define HAVE_STRING_H 1
| #define HAVE_MEMORY_H 1
| #define HAVE_STRINGS_H 1
| #define HAVE_INTTYPES_H 1
| #define HAVE_STDINT_H 1
| #define HAVE_UNISTD_H 1
| #define __EXTENSIONS__ 1
| #define _ALL_SOURCE 1
| #define _GNU_SOURCE 1
| #define _POSIX_PTHREAD_SEMANTICS 1
| #define _TANDEM_SOURCE 1
| #define HAVE_DLFCN_H 1
| #define LT_OBJDIR ".libs/"
| #define ENABLE_NLS 1
| #define HAVE_GETTEXT 1
| #define HAVE_DCGETTEXT 1
| #define STDC_HEADERS 1
| #define HAVE_STDLIB_H 1
| #define HAVE_LOCALE_H 1
| #define HAVE_STDINT_H 1
| #define HAVE_SYS_SELECT_H 1
| #define HAVE_SYS_TIME_H 1
| #define HAVE_SIGNAL_H 1
| #define HAVE_DECL_STRERROR_R 1
| #define HAVE_STRERROR_R 1
| #define STRERROR_R_CHAR_P 1
| #define HAVE_FORK 1
| #define HAVE_VFORK 1
| #define HAVE_WORKING_VFORK 1
| #define HAVE_WORKING_FORK 1
| #define HAVE_FLOCKFILE 1
| #define HAVE_VASPRINTF 1
| #define HAVE_MMAP 1
| #define HAVE_RAND 1
| #define HAVE_STPCPY 1
| #define HAVE_SETENV 1
| #define HAVE_STAT 1
| #define HAVE_GETRLIMIT 1
| #define SIZEOF_INT 4
| #define SIZEOF_LONG 8
| #define SIZEOF_LONG_LONG 8
| #define TIME_WITH_SYS_TIME 1
| #define SIZEOF_TIME_T 8
| #define HAVE_SYS_STAT_H 1
| #define HAVE_UNISTD_H 1
| #define REPLACEMENT_FOR_OFF_T "long"
| #define HAVE_GCC_ATTRIBUTE_ALIGNED 1
| #define GPGRT_USE_VISIBILITY 1
| #define USE_POSIX_THREADS 1
| #define USE_POSIX_THREADS_WEAK 1
| #define HAVE_PTHREAD_RWLOCK 1
| #define HAVE_PTHREAD_MUTEX_RECURSIVE 1
| #define SIZEOF_PTHREAD_MUTEX_T 40
| /* end confdefs.h.  */
| 
| #include <stdio.h>
| #include <readline/readline.h>
| #include <readline/history.h>
| 
| int
| main ()
| {
| 
| rl_completion_func_t *completer;
| add_history("foobar");
| rl_catch_signals=0;
| rl_inhibit_completion=0;
| rl_attempted_completion_function=NULL;
| rl_completion_matches(NULL,NULL);
| 
|   ;
|   return 0;
| }
configure:16907: result: no
configure:16874: checking whether readline via "-lreadline -lncurses" is present and sane
configure:16899: gcc -o conftest -g -O2 -Wall -Wpointer-arith -Wno-psabi -fvisibility=hidden   conftest.c  -lreadline -lncurses >&5
conftest.c:70:31: fatal error: readline/readline.h: No such file or directory
compilation terminated.
configure:16899: $? = 1
configure: failed program was:
| /* confdefs.h */
| #define PACKAGE_NAME "libgpg-error"
| #define PACKAGE_TARNAME "libgpg-error"
| #define PACKAGE_VERSION "1.32-unknown"
| #define PACKAGE_STRING "libgpg-error 1.32-unknown"
| #define PACKAGE_BUGREPORT "https://bugs.gnupg.org"
| #define PACKAGE_URL ""
| #define PACKAGE "libgpg-error"
| #define VERSION "1.32-unknown"
| #define STDC_HEADERS 1
| #define HAVE_SYS_TYPES_H 1
| #define HAVE_SYS_STAT_H 1
| #define HAVE_STDLIB_H 1
| #define HAVE_STRING_H 1
| #define HAVE_MEMORY_H 1
| #define HAVE_STRINGS_H 1
| #define HAVE_INTTYPES_H 1
| #define HAVE_STDINT_H 1
| #define HAVE_UNISTD_H 1
| #define __EXTENSIONS__ 1
| #define _ALL_SOURCE 1
| #define _GNU_SOURCE 1
| #define _POSIX_PTHREAD_SEMANTICS 1
| #define _TANDEM_SOURCE 1
| #define HAVE_DLFCN_H 1
| #define LT_OBJDIR ".libs/"
| #define ENABLE_NLS 1
| #define HAVE_GETTEXT 1
| #define HAVE_DCGETTEXT 1
| #define STDC_HEADERS 1
| #define HAVE_STDLIB_H 1
| #define HAVE_LOCALE_H 1
| #define HAVE_STDINT_H 1
| #define HAVE_SYS_SELECT_H 1
| #define HAVE_SYS_TIME_H 1
| #define HAVE_SIGNAL_H 1
| #define HAVE_DECL_STRERROR_R 1
| #define HAVE_STRERROR_R 1
| #define STRERROR_R_CHAR_P 1
| #define HAVE_FORK 1
| #define HAVE_VFORK 1
| #define HAVE_WORKING_VFORK 1
| #define HAVE_WORKING_FORK 1
| #define HAVE_FLOCKFILE 1
| #define HAVE_VASPRINTF 1
| #define HAVE_MMAP 1
| #define HAVE_RAND 1
| #define HAVE_STPCPY 1
| #define HAVE_SETENV 1
| #define HAVE_STAT 1
| #define HAVE_GETRLIMIT 1
| #define SIZEOF_INT 4
| #define SIZEOF_LONG 8
| #define SIZEOF_LONG_LONG 8
| #define TIME_WITH_SYS_TIME 1
| #define SIZEOF_TIME_T 8
| #define HAVE_SYS_STAT_H 1
| #define HAVE_UNISTD_H 1
| #define REPLACEMENT_FOR_OFF_T "long"
| #define HAVE_GCC_ATTRIBUTE_ALIGNED 1
| #define GPGRT_USE_VISIBILITY 1
| #define USE_POSIX_THREADS 1
| #define USE_POSIX_THREADS_WEAK 1
| #define HAVE_PTHREAD_RWLOCK 1
| #define HAVE_PTHREAD_MUTEX_RECURSIVE 1
| #define SIZEOF_PTHREAD_MUTEX_T 40
| /* end confdefs.h.  */
| 
| #include <stdio.h>
| #include <readline/readline.h>
| #include <readline/history.h>
| 
| int
| main ()
| {
| 
| rl_completion_func_t *completer;
| add_history("foobar");
| rl_catch_signals=0;
| rl_inhibit_completion=0;
| rl_attempted_completion_function=NULL;
| rl_completion_matches(NULL,NULL);
| 
|   ;
|   return 0;
| }
configure:16907: result: no
configure:16935: checking for unsigned long long int
configure:16974: gcc -o conftest -g -O2 -Wall -Wpointer-arith -Wno-psabi -fvisibility=hidden   conftest.c  >&5
configure:16974: $? = 0
configure:16983: result: yes
configure:16992: checking system features for estream-printf
configure:16996: checking for stdint.h
configure:16996: result: yes
configure:17008: checking for long long int
configure:17046: gcc -o conftest -g -O2 -Wall -Wpointer-arith -Wno-psabi -fvisibility=hidden   conftest.c  >&5
configure:17046: $? = 0
configure:17046: ./conftest
configure:17046: $? = 0
configure:17058: result: yes
configure:17067: checking for long double
configure:17100: result: yes
configure:17110: checking for intmax_t
configure:17110: gcc -c -g -O2 -Wall -Wpointer-arith -Wno-psabi -fvisibility=hidden  conftest.c >&5
configure:17110: $? = 0
configure:17110: gcc -c -g -O2 -Wall -Wpointer-arith -Wno-psabi -fvisibility=hidden  conftest.c >&5
conftest.c: In function 'main':
conftest.c:108:23: error: expected expression before ')' token
 if (sizeof ((intmax_t)))
                       ^
configure:17110: $? = 1
configure: failed program was:
| /* confdefs.h */
| #define PACKAGE_NAME "libgpg-error"
| #define PACKAGE_TARNAME "libgpg-error"
| #define PACKAGE_VERSION "1.32-unknown"
| #define PACKAGE_STRING "libgpg-error 1.32-unknown"
| #define PACKAGE_BUGREPORT "https://bugs.gnupg.org"
| #define PACKAGE_URL ""
| #define PACKAGE "libgpg-error"
| #define VERSION "1.32-unknown"
| #define STDC_HEADERS 1
| #define HAVE_SYS_TYPES_H 1
| #define HAVE_SYS_STAT_H 1
| #define HAVE_STDLIB_H 1
| #define HAVE_STRING_H 1
| #define HAVE_MEMORY_H 1
| #define HAVE_STRINGS_H 1
| #define HAVE_INTTYPES_H 1
| #define HAVE_STDINT_H 1
| #define HAVE_UNISTD_H 1
| #define __EXTENSIONS__ 1
| #define _ALL_SOURCE 1
| #define _GNU_SOURCE 1
| #define _POSIX_PTHREAD_SEMANTICS 1
| #define _TANDEM_SOURCE 1
| #define HAVE_DLFCN_H 1
| #define LT_OBJDIR ".libs/"
| #define ENABLE_NLS 1
| #define HAVE_GETTEXT 1
| #define HAVE_DCGETTEXT 1
| #define STDC_HEADERS 1
| #define HAVE_STDLIB_H 1
| #define HAVE_LOCALE_H 1
| #define HAVE_STDINT_H 1
| #define HAVE_SYS_SELECT_H 1
| #define HAVE_SYS_TIME_H 1
| #define HAVE_SIGNAL_H 1
| #define HAVE_DECL_STRERROR_R 1
| #define HAVE_STRERROR_R 1
| #define STRERROR_R_CHAR_P 1
| #define HAVE_FORK 1
| #define HAVE_VFORK 1
| #define HAVE_WORKING_VFORK 1
| #define HAVE_WORKING_FORK 1
| #define HAVE_FLOCKFILE 1
| #define HAVE_VASPRINTF 1
| #define HAVE_MMAP 1
| #define HAVE_RAND 1
| #define HAVE_STPCPY 1
| #define HAVE_SETENV 1
| #define HAVE_STAT 1
| #define HAVE_GETRLIMIT 1
| #define SIZEOF_INT 4
| #define SIZEOF_LONG 8
| #define SIZEOF_LONG_LONG 8
| #define TIME_WITH_SYS_TIME 1
| #define SIZEOF_TIME_T 8
| #define HAVE_SYS_STAT_H 1
| #define HAVE_UNISTD_H 1
| #define REPLACEMENT_FOR_OFF_T "long"
| #define HAVE_GCC_ATTRIBUTE_ALIGNED 1
| #define GPGRT_USE_VISIBILITY 1
| #define USE_POSIX_THREADS 1
| #define USE_POSIX_THREADS_WEAK 1
| #define HAVE_PTHREAD_RWLOCK 1
| #define HAVE_PTHREAD_MUTEX_RECURSIVE 1
| #define SIZEOF_PTHREAD_MUTEX_T 40
| #define HAVE_UNSIGNED_LONG_LONG_INT 1
| #define HAVE_STDINT_H 1
| #define HAVE_LONG_LONG_INT 1
| #define HAVE_LONG_DOUBLE 1
| /* end confdefs.h.  */
| #include <stdio.h>
| #ifdef HAVE_SYS_TYPES_H
| # include <sys/types.h>
| #endif
| #ifdef HAVE_SYS_STAT_H
| # include <sys/stat.h>
| #endif
| #ifdef STDC_HEADERS
| # include <stdlib.h>
| # include <stddef.h>
| #else
| # ifdef HAVE_STDLIB_H
| #  include <stdlib.h>
| # endif
| #endif
| #ifdef HAVE_STRING_H
| # if !defined STDC_HEADERS && defined HAVE_MEMORY_H
| #  include <memory.h>
| # endif
| # include <string.h>
| #endif
| #ifdef HAVE_STRINGS_H
| # include <strings.h>
| #endif
| #ifdef HAVE_INTTYPES_H
| # include <inttypes.h>
| #endif
| #ifdef HAVE_STDINT_H
| # include <stdint.h>
| #endif
| #ifdef HAVE_UNISTD_H
| # include <unistd.h>
| #endif
| int
| main ()
| {
| if (sizeof ((intmax_t)))
| 	    return 0;
|   ;
|   return 0;
| }
configure:17110: result: yes
configure:17129: checking for uintmax_t
configure:17129: gcc -c -g -O2 -Wall -Wpointer-arith -Wno-psabi -fvisibility=hidden  conftest.c >&5
configure:17129: $? = 0
configure:17129: gcc -c -g -O2 -Wall -Wpointer-arith -Wno-psabi -fvisibility=hidden  conftest.c >&5
conftest.c: In function 'main':
conftest.c:109:24: error: expected expression before ')' token
 if (sizeof ((uintmax_t)))
                        ^
configure:17129: $? = 1
configure: failed program was:
| /* confdefs.h */
| #define PACKAGE_NAME "libgpg-error"
| #define PACKAGE_TARNAME "libgpg-error"
| #define PACKAGE_VERSION "1.32-unknown"
| #define PACKAGE_STRING "libgpg-error 1.32-unknown"
| #define PACKAGE_BUGREPORT "https://bugs.gnupg.org"
| #define PACKAGE_URL ""
| #define PACKAGE "libgpg-error"
| #define VERSION "1.32-unknown"
| #define STDC_HEADERS 1
| #define HAVE_SYS_TYPES_H 1
| #define HAVE_SYS_STAT_H 1
| #define HAVE_STDLIB_H 1
| #define HAVE_STRING_H 1
| #define HAVE_MEMORY_H 1
| #define HAVE_STRINGS_H 1
| #define HAVE_INTTYPES_H 1
| #define HAVE_STDINT_H 1
| #define HAVE_UNISTD_H 1
| #define __EXTENSIONS__ 1
| #define _ALL_SOURCE 1
| #define _GNU_SOURCE 1
| #define _POSIX_PTHREAD_SEMANTICS 1
| #define _TANDEM_SOURCE 1
| #define HAVE_DLFCN_H 1
| #define LT_OBJDIR ".libs/"
| #define ENABLE_NLS 1
| #define HAVE_GETTEXT 1
| #define HAVE_DCGETTEXT 1
| #define STDC_HEADERS 1
| #define HAVE_STDLIB_H 1
| #define HAVE_LOCALE_H 1
| #define HAVE_STDINT_H 1
| #define HAVE_SYS_SELECT_H 1
| #define HAVE_SYS_TIME_H 1
| #define HAVE_SIGNAL_H 1
| #define HAVE_DECL_STRERROR_R 1
| #define HAVE_STRERROR_R 1
| #define STRERROR_R_CHAR_P 1
| #define HAVE_FORK 1
| #define HAVE_VFORK 1
| #define HAVE_WORKING_VFORK 1
| #define HAVE_WORKING_FORK 1
| #define HAVE_FLOCKFILE 1
| #define HAVE_VASPRINTF 1
| #define HAVE_MMAP 1
| #define HAVE_RAND 1
| #define HAVE_STPCPY 1
| #define HAVE_SETENV 1
| #define HAVE_STAT 1
| #define HAVE_GETRLIMIT 1
| #define SIZEOF_INT 4
| #define SIZEOF_LONG 8
| #define SIZEOF_LONG_LONG 8
| #define TIME_WITH_SYS_TIME 1
| #define SIZEOF_TIME_T 8
| #define HAVE_SYS_STAT_H 1
| #define HAVE_UNISTD_H 1
| #define REPLACEMENT_FOR_OFF_T "long"
| #define HAVE_GCC_ATTRIBUTE_ALIGNED 1
| #define GPGRT_USE_VISIBILITY 1
| #define USE_POSIX_THREADS 1
| #define USE_POSIX_THREADS_WEAK 1
| #define HAVE_PTHREAD_RWLOCK 1
| #define HAVE_PTHREAD_MUTEX_RECURSIVE 1
| #define SIZEOF_PTHREAD_MUTEX_T 40
| #define HAVE_UNSIGNED_LONG_LONG_INT 1
| #define HAVE_STDINT_H 1
| #define HAVE_LONG_LONG_INT 1
| #define HAVE_LONG_DOUBLE 1
| #define HAVE_INTMAX_T 1
| /* end confdefs.h.  */
| #include <stdio.h>
| #ifdef HAVE_SYS_TYPES_H
| # include <sys/types.h>
| #endif
| #ifdef HAVE_SYS_STAT_H
| # include <sys/stat.h>
| #endif
| #ifdef STDC_HEADERS
| # include <stdlib.h>
| # include <stddef.h>
| #else
| # ifdef HAVE_STDLIB_H
| #  include <stdlib.h>
| # endif
| #endif
| #ifdef HAVE_STRING_H
| # if !defined STDC_HEADERS && defined HAVE_MEMORY_H
| #  include <memory.h>
| # endif
| # include <string.h>
| #endif
| #ifdef HAVE_STRINGS_H
| # include <strings.h>
| #endif
| #ifdef HAVE_INTTYPES_H
| # include <inttypes.h>
| #endif
| #ifdef HAVE_STDINT_H
| # include <stdint.h>
| #endif
| #ifdef HAVE_UNISTD_H
| # include <unistd.h>
| #endif
| int
| main ()
| {
| if (sizeof ((uintmax_t)))
| 	    return 0;
|   ;
|   return 0;
| }
configure:17129: result: yes
configure:17146: checking for ptrdiff_t
configure:17146: gcc -c -g -O2 -Wall -Wpointer-arith -Wno-psabi -fvisibility=hidden  conftest.c >&5
configure:17146: $? = 0
configure:17146: gcc -c -g -O2 -Wall -Wpointer-arith -Wno-psabi -fvisibility=hidden  conftest.c >&5
conftest.c: In function 'main':
conftest.c:110:24: error: expected expression before ')' token
 if (sizeof ((ptrdiff_t)))
                        ^
configure:17146: $? = 1
configure: failed program was:
| /* confdefs.h */
| #define PACKAGE_NAME "libgpg-error"
| #define PACKAGE_TARNAME "libgpg-error"
| #define PACKAGE_VERSION "1.32-unknown"
| #define PACKAGE_STRING "libgpg-error 1.32-unknown"
| #define PACKAGE_BUGREPORT "https://bugs.gnupg.org"
| #define PACKAGE_URL ""
| #define PACKAGE "libgpg-error"
| #define VERSION "1.32-unknown"
| #define STDC_HEADERS 1
| #define HAVE_SYS_TYPES_H 1
| #define HAVE_SYS_STAT_H 1
| #define HAVE_STDLIB_H 1
| #define HAVE_STRING_H 1
| #define HAVE_MEMORY_H 1
| #define HAVE_STRINGS_H 1
| #define HAVE_INTTYPES_H 1
| #define HAVE_STDINT_H 1
| #define HAVE_UNISTD_H 1
| #define __EXTENSIONS__ 1
| #define _ALL_SOURCE 1
| #define _GNU_SOURCE 1
| #define _POSIX_PTHREAD_SEMANTICS 1
| #define _TANDEM_SOURCE 1
| #define HAVE_DLFCN_H 1
| #define LT_OBJDIR ".libs/"
| #define ENABLE_NLS 1
| #define HAVE_GETTEXT 1
| #define HAVE_DCGETTEXT 1
| #define STDC_HEADERS 1
| #define HAVE_STDLIB_H 1
| #define HAVE_LOCALE_H 1
| #define HAVE_STDINT_H 1
| #define HAVE_SYS_SELECT_H 1
| #define HAVE_SYS_TIME_H 1
| #define HAVE_SIGNAL_H 1
| #define HAVE_DECL_STRERROR_R 1
| #define HAVE_STRERROR_R 1
| #define STRERROR_R_CHAR_P 1
| #define HAVE_FORK 1
| #define HAVE_VFORK 1
| #define HAVE_WORKING_VFORK 1
| #define HAVE_WORKING_FORK 1
| #define HAVE_FLOCKFILE 1
| #define HAVE_VASPRINTF 1
| #define HAVE_MMAP 1
| #define HAVE_RAND 1
| #define HAVE_STPCPY 1
| #define HAVE_SETENV 1
| #define HAVE_STAT 1
| #define HAVE_GETRLIMIT 1
| #define SIZEOF_INT 4
| #define SIZEOF_LONG 8
| #define SIZEOF_LONG_LONG 8
| #define TIME_WITH_SYS_TIME 1
| #define SIZEOF_TIME_T 8
| #define HAVE_SYS_STAT_H 1
| #define HAVE_UNISTD_H 1
| #define REPLACEMENT_FOR_OFF_T "long"
| #define HAVE_GCC_ATTRIBUTE_ALIGNED 1
| #define GPGRT_USE_VISIBILITY 1
| #define USE_POSIX_THREADS 1
| #define USE_POSIX_THREADS_WEAK 1
| #define HAVE_PTHREAD_RWLOCK 1
| #define HAVE_PTHREAD_MUTEX_RECURSIVE 1
| #define SIZEOF_PTHREAD_MUTEX_T 40
| #define HAVE_UNSIGNED_LONG_LONG_INT 1
| #define HAVE_STDINT_H 1
| #define HAVE_LONG_LONG_INT 1
| #define HAVE_LONG_DOUBLE 1
| #define HAVE_INTMAX_T 1
| #define HAVE_UINTMAX_T 1
| /* end confdefs.h.  */
| #include <stdio.h>
| #ifdef HAVE_SYS_TYPES_H
| # include <sys/types.h>
| #endif
| #ifdef HAVE_SYS_STAT_H
| # include <sys/stat.h>
| #endif
| #ifdef STDC_HEADERS
| # include <stdlib.h>
| # include <stddef.h>
| #else
| # ifdef HAVE_STDLIB_H
| #  include <stdlib.h>
| # endif
| #endif
| #ifdef HAVE_STRING_H
| # if !defined STDC_HEADERS && defined HAVE_MEMORY_H
| #  include <memory.h>
| # endif
| # include <string.h>
| #endif
| #ifdef HAVE_STRINGS_H
| # include <strings.h>
| #endif
| #ifdef HAVE_INTTYPES_H
| # include <inttypes.h>
| #endif
| #ifdef HAVE_STDINT_H
| # include <stdint.h>
| #endif
| #ifdef HAVE_UNISTD_H
| # include <unistd.h>
| #endif
| int
| main ()
| {
| if (sizeof ((ptrdiff_t)))
| 	    return 0;
|   ;
|   return 0;
| }
configure:17146: result: yes
configure:17160: checking size of unsigned long
configure:17165: gcc -o conftest -g -O2 -Wall -Wpointer-arith -Wno-psabi -fvisibility=hidden   conftest.c  >&5
configure:17165: $? = 0
configure:17165: ./conftest
configure:17165: $? = 0
configure:17179: result: 8
configure:17193: checking size of void *
configure:17198: gcc -o conftest -g -O2 -Wall -Wpointer-arith -Wno-psabi -fvisibility=hidden   conftest.c  >&5
configure:17198: $? = 0
configure:17198: ./conftest
configure:17198: $? = 0
configure:17212: result: 8
configure:17222: checking for nl_langinfo and THOUSANDS_SEP
configure:17238: gcc -o conftest -g -O2 -Wall -Wpointer-arith -Wno-psabi -fvisibility=hidden   conftest.c  >&5
configure:17238: $? = 0
configure:17247: result: yes
configure:17257: checking system features for estream
configure:17261: checking for memrchr
configure:17261: gcc -o conftest -g -O2 -Wall -Wpointer-arith -Wno-psabi -fvisibility=hidden   conftest.c  >&5
configure:17261: $? = 0
configure:17261: result: yes
configure:17378: checking whether to enable log_clock
configure:17387: result: no
configure:17639: checking that generated files are newer than configure
configure:17645: result: done
configure:17712: creating ./config.status

## ---------------------- ##
## Running config.status. ##
## ---------------------- ##

This file was extended by libgpg-error config.status 1.32-unknown, which was
generated by GNU Autoconf 2.69.  Invocation command line was

  CONFIG_FILES    = 
  CONFIG_HEADERS  = 
  CONFIG_LINKS    = 
  CONFIG_COMMANDS = 
  $ ./config.status 

on tony-VirtualBox

config.status:1269: creating Makefile
config.status:1269: creating doc/Makefile
config.status:1269: creating po/Makefile.in
config.status:1269: creating m4/Makefile
config.status:1269: creating src/Makefile
config.status:1269: creating tests/Makefile
config.status:1269: creating lang/Makefile
config.status:1269: creating lang/cl/Makefile
config.status:1269: creating lang/cl/gpg-error.asd
config.status:1269: creating src/versioninfo.rc
config.status:1269: creating src/gpg-error.w32-manifest
config.status:1269: creating src/gpg-error-config
config.status:1269: creating config.h
config.status:1498: executing depfiles commands
config.status:1498: executing libtool commands
config.status:1498: executing po-directories commands

## ---------------- ##
## Cache variables. ##
## ---------------- ##

ac_cv_build=x86_64-pc-linux-gnu
ac_cv_c_compiler_gnu=yes
ac_cv_c_const=yes
ac_cv_env_CC_set=
ac_cv_env_CC_value=
ac_cv_env_CFLAGS_set=
ac_cv_env_CFLAGS_value=
ac_cv_env_CPPFLAGS_set=
ac_cv_env_CPPFLAGS_value=
ac_cv_env_CPP_set=
ac_cv_env_CPP_value=
ac_cv_env_LDFLAGS_set=
ac_cv_env_LDFLAGS_value=
ac_cv_env_LIBS_set=
ac_cv_env_LIBS_value=
ac_cv_env_build_alias_set=
ac_cv_env_build_alias_value=
ac_cv_env_host_alias_set=
ac_cv_env_host_alias_value=
ac_cv_env_target_alias_set=
ac_cv_env_target_alias_value=
ac_cv_func_flockfile=yes
ac_cv_func_fork=yes
ac_cv_func_fork_works=yes
ac_cv_func_getrlimit=yes
ac_cv_func_memrchr=yes
ac_cv_func_mmap=yes
ac_cv_func_rand=yes
ac_cv_func_setenv=yes
ac_cv_func_stat=yes
ac_cv_func_stpcpy=yes
ac_cv_func_strerror_r=yes
ac_cv_func_strerror_r_char_p=yes
ac_cv_func_strlwr=no
ac_cv_func_vasprintf=yes
ac_cv_func_vfork=yes
ac_cv_func_vfork_works=yes
ac_cv_have_decl_strerror_r=yes
ac_cv_header_direct_h=no
ac_cv_header_dlfcn_h=yes
ac_cv_header_inttypes_h=yes
ac_cv_header_locale_h=yes
ac_cv_header_memory_h=yes
ac_cv_header_minix_config_h=no
ac_cv_header_pthread_h=yes
ac_cv_header_signal_h=yes
ac_cv_header_stdc=yes
ac_cv_header_stdint_h=yes
ac_cv_header_stdlib_h=yes
ac_cv_header_string_h=yes
ac_cv_header_strings_h=yes
ac_cv_header_sys_select_h=yes
ac_cv_header_sys_stat_h=yes
ac_cv_header_sys_time_h=yes
ac_cv_header_sys_types_h=yes
ac_cv_header_time=yes
ac_cv_header_unistd_h=yes
ac_cv_header_vfork_h=no
ac_cv_host=x86_64-pc-linux-gnu
ac_cv_lib_pthread_pthread_kill=yes
ac_cv_objext=o
ac_cv_path_EGREP='/bin/grep -E'
ac_cv_path_FGREP='/bin/grep -F'
ac_cv_path_GMSGFMT=/usr/bin/msgfmt
ac_cv_path_GREP=/bin/grep
ac_cv_path_MSGFMT=/usr/bin/msgfmt
ac_cv_path_MSGMERGE=/usr/bin/msgmerge
ac_cv_path_SED=/bin/sed
ac_cv_path_XGETTEXT=/usr/bin/xgettext
ac_cv_path_install='/usr/bin/install -c'
ac_cv_path_mkdir=/bin/mkdir
ac_cv_prog_AWK=mawk
ac_cv_prog_CPP='gcc -E'
ac_cv_prog_ac_ct_AR=ar
ac_cv_prog_ac_ct_CC=gcc
ac_cv_prog_ac_ct_MANIFEST_TOOL=mt
ac_cv_prog_ac_ct_OBJDUMP=objdump
ac_cv_prog_ac_ct_RANLIB=ranlib
ac_cv_prog_ac_ct_STRIP=strip
ac_cv_prog_cc_c89=
ac_cv_prog_cc_g=yes
ac_cv_prog_make_make_set=yes
ac_cv_safe_to_define___extensions__=yes
ac_cv_search_inet_addr='none required'
ac_cv_search_sched_yield='none required'
ac_cv_search_socket='none required'
ac_cv_sizeof_int=4
ac_cv_sizeof_long=8
ac_cv_sizeof_long_long=8
ac_cv_sizeof_pthread_mutex_t=40
ac_cv_sizeof_time_t=8
ac_cv_sizeof_unsigned_long=8
ac_cv_sizeof_void_p=8
ac_cv_sys_file_offset_bits=no
ac_cv_sys_largefile_CC=no
ac_cv_type_intmax_t=yes
ac_cv_type_long_double=yes
ac_cv_type_long_long_int=yes
ac_cv_type_pid_t=yes
ac_cv_type_pthread_rwlock_t=yes
ac_cv_type_ptrdiff_t=yes
ac_cv_type_uintmax_t=yes
ac_cv_type_unsigned_long_long_int=yes
acl_cv_hardcode_direct=no
acl_cv_hardcode_libdir_flag_spec='${wl}-rpath ${wl}$libdir'
acl_cv_hardcode_libdir_separator=
acl_cv_hardcode_minus_L=no
acl_cv_libext=a
acl_cv_libname_spec='lib$name'
acl_cv_library_names_spec='$libname$shrext'
acl_cv_path_LD='/usr/bin/ld -m elf_x86_64'
acl_cv_prog_gnu_ld=yes
acl_cv_rpath=done
acl_cv_shlibext=so
acl_cv_wl=-Wl,
am_cv_CC_dependencies_compiler_type=gcc3
am_cv_make_support_nested_variables=yes
am_cv_prog_cc_c_o=yes
estream_cv_langinfo_thousands_sep=yes
gcry_cv_broken_alias_attribute=no
gcry_cv_broken_visibility_attribute=no
gcry_cv_gcc_attribute_aligned=yes
gcry_cv_gcc_has_f_visibility=yes
gcry_cv_visibility_attribute=yes
gl_cv_have_weak=yes
gnupg_cv_have_readline=no
gnupg_cv_mkdir_takes_one_arg=no
gt_cv_func_CFLocaleCopyCurrent=no
gt_cv_func_CFPreferencesCopyAppValue=no
gt_cv_func_gnugettext1_libc=yes
lt_cv_ar_at_file=@
lt_cv_archive_cmds_need_lc=no
lt_cv_deplibs_check_method=pass_all
lt_cv_file_magic_cmd='$MAGIC_CMD'
lt_cv_file_magic_test_file=
lt_cv_ld_reload_flag=-r
lt_cv_nm_interface='BSD nm'
lt_cv_objdir=.libs
lt_cv_path_LD=/usr/bin/ld
lt_cv_path_NM='/usr/bin/nm -B'
lt_cv_path_mainfest_tool=no
lt_cv_prog_compiler_c_o=yes
lt_cv_prog_compiler_c_o_RC=yes
lt_cv_prog_compiler_pic='-fPIC -DPIC'
lt_cv_prog_compiler_pic_works=yes
lt_cv_prog_compiler_rtti_exceptions=no
lt_cv_prog_compiler_static_works=yes
lt_cv_prog_gnu_ld=yes
lt_cv_sharedlib_from_linklib_cmd='printf %s\n'
lt_cv_shlibpath_overrides_runpath=no
lt_cv_sys_global_symbol_pipe='sed -n -e '\''s/^.*[	 ]\([ABCDGIRSTW][ABCDGIRSTW]*\)[	 ][	 ]*\([_A-Za-z][_A-Za-z0-9]*\)$/\1 \2 \2/p'\'' | sed '\''/ __gnu_lto/d'\'''
lt_cv_sys_global_symbol_to_c_name_address='sed -n -e '\''s/^: \([^ ]*\)[ ]*$/  {\"\1\", (void *) 0},/p'\'' -e '\''s/^[ABCDGIRSTW]* \([^ ]*\) \([^ ]*\)$/  {"\2", (void *) \&\2},/p'\'''
lt_cv_sys_global_symbol_to_c_name_address_lib_prefix='sed -n -e '\''s/^: \([^ ]*\)[ ]*$/  {\"\1\", (void *) 0},/p'\'' -e '\''s/^[ABCDGIRSTW]* \([^ ]*\) \(lib[^ ]*\)$/  {"\2", (void *) \&\2},/p'\'' -e '\''s/^[ABCDGIRSTW]* \([^ ]*\) \([^ ]*\)$/  {"lib\2", (void *) \&\2},/p'\'''
lt_cv_sys_global_symbol_to_cdecl='sed -n -e '\''s/^T .* \(.*\)$/extern int \1();/p'\'' -e '\''s/^[ABCDGIRSTW]* .* \(.*\)$/extern char \1;/p'\'''
lt_cv_sys_max_cmd_len=1572864
lt_cv_to_host_file_cmd=func_convert_file_noop
lt_cv_to_tool_file_cmd=func_convert_file_noop

## ----------------- ##
## Output variables. ##
## ----------------- ##

ACLOCAL='${SHELL} /home/tony/project/libgpg-error-1.32/build-aux/missing aclocal-1.14'
AMDEPBACKSLASH='\'
AMDEP_FALSE='#'
AMDEP_TRUE=''
AMTAR='$${TAR-tar}'
AM_BACKSLASH='\'
AM_DEFAULT_V='$(AM_DEFAULT_VERBOSITY)'
AM_DEFAULT_VERBOSITY='1'
AM_V='$(V)'
AR='ar'
AS='as'
AUTOCONF='${SHELL} /home/tony/project/libgpg-error-1.32/build-aux/missing autoconf'
AUTOHEADER='${SHELL} /home/tony/project/libgpg-error-1.32/build-aux/missing autoheader'
AUTOMAKE='${SHELL} /home/tony/project/libgpg-error-1.32/build-aux/missing automake-1.14'
AWK='mawk'
BUILD_DOC_FALSE='#'
BUILD_DOC_TRUE=''
BUILD_FILEVERSION='1,32,0,0'
BUILD_GPGSCM_FALSE=''
BUILD_GPGSCM_TRUE='#'
BUILD_REVISION='0000000'
BUILD_TESTS_FALSE='#'
BUILD_TESTS_TRUE=''
BUILD_TIMESTAMP='<none>'
BUILD_VERSION='1.32.0.0'
CC='gcc'
CCDEPMODE='depmode=gcc3'
CC_FOR_BUILD='$(CC)'
CFLAGS='-g -O2 -Wall -Wpointer-arith -Wno-psabi -fvisibility=hidden'
CPP='gcc -E'
CPPFLAGS=''
CROSS_COMPILING_FALSE=''
CROSS_COMPILING_TRUE='#'
CYGPATH_W='echo'
DEFS='-DHAVE_CONFIG_H'
DEPDIR='.deps'
DLLTOOL='false'
DSYMUTIL=''
DUMPBIN=''
ECHO_C=''
ECHO_N='-n'
ECHO_T=''
EGREP='/bin/grep -E'
EXEEXT=''
EXEEXT_FOR_BUILD='$(EXEEXT)'
FGREP='/bin/grep -F'
FORCE_USE_SYSCFG_FALSE=''
FORCE_USE_SYSCFG_TRUE='#'
GETTEXT_MACRO_VERSION='0.19'
GMSGFMT='/usr/bin/msgfmt'
GMSGFMT_015='/usr/bin/msgfmt'
GPG_ERROR_CONFIG_CFLAGS=''
GPG_ERROR_CONFIG_HOST='x86_64-pc-linux-gnu'
GPG_ERROR_CONFIG_ISUBDIRAFTER=''
GPG_ERROR_CONFIG_LIBS='-lgpg-error'
GPG_ERROR_CONFIG_MT_CFLAGS=''
GPG_ERROR_CONFIG_MT_LIBS='-lpthread'
GREP='/bin/grep'
HAVE_LD_VERSION_SCRIPT_FALSE='#'
HAVE_LD_VERSION_SCRIPT_TRUE=''
HAVE_W32CE_SYSTEM_FALSE=''
HAVE_W32CE_SYSTEM_TRUE='#'
HAVE_W32_SYSTEM_FALSE=''
HAVE_W32_SYSTEM_TRUE='#'
HAVE_W64_SYSTEM_FALSE=''
HAVE_W64_SYSTEM_TRUE='#'
INSTALL_DATA='${INSTALL} -m 644'
INSTALL_PROGRAM='${INSTALL}'
INSTALL_SCRIPT='${INSTALL}'
INSTALL_STRIP_PROGRAM='$(install_sh) -c -s'
INTLLIBS=''
INTL_MACOSX_LIBS=''
LANGUAGES_SOME_FALSE='#'
LANGUAGES_SOME_TRUE=''
LD='/usr/bin/ld -m elf_x86_64'
LDFLAGS=''
LIBGPG_ERROR_LT_AGE='24'
LIBGPG_ERROR_LT_CURRENT='24'
LIBGPG_ERROR_LT_REVISION='3'
LIBICONV='-liconv'
LIBINTL=''
LIBMULTITHREAD='-lpthread'
LIBOBJS=''
LIBREADLINE=''
LIBS=''
LIBTHREAD=''
LIBTOOL='$(SHELL) $(top_builddir)/libtool'
LIB_NETWORK=''
LIB_SCHED_YIELD=''
LIPO=''
LN_S='ln -s'
LTLIBICONV='-liconv'
LTLIBINTL=''
LTLIBMULTITHREAD='-lpthread'
LTLIBOBJS=''
LTLIBTHREAD=''
MAINT='#'
MAINTAINER_MODE_FALSE=''
MAINTAINER_MODE_TRUE='#'
MAKEINFO='${SHELL} /home/tony/project/libgpg-error-1.32/build-aux/missing makeinfo'
MANIFEST_TOOL=':'
MKDIR_P='/bin/mkdir -p'
MSGFMT='/usr/bin/msgfmt'
MSGFMT_015='/usr/bin/msgfmt'
MSGMERGE='/usr/bin/msgmerge'
NM='/usr/bin/nm -B'
NMEDIT=''
OBJDUMP='objdump'
OBJEXT='o'
OTOOL64=''
OTOOL=''
PACKAGE='libgpg-error'
PACKAGE_BUGREPORT='https://bugs.gnupg.org'
PACKAGE_NAME='libgpg-error'
PACKAGE_STRING='libgpg-error 1.32-unknown'
PACKAGE_TARNAME='libgpg-error'
PACKAGE_URL=''
PACKAGE_VERSION='1.32-unknown'
PATH_SEPARATOR=':'
POSUB='po'
RANLIB='ranlib'
RC=''
SED='/bin/sed'
SET_MAKE=''
SHELL='/bin/bash'
STRIP='strip'
USE_NLS='yes'
VERSION='1.32-unknown'
VERSION_NUMBER='0x012000'
XGETTEXT='/usr/bin/xgettext'
XGETTEXT_015='/usr/bin/xgettext'
XGETTEXT_EXTRA_OPTIONS=''
ac_ct_AR='ar'
ac_ct_CC='gcc'
ac_ct_DUMPBIN=''
am__EXEEXT_FALSE=''
am__EXEEXT_TRUE='#'
am__fastdepCC_FALSE='#'
am__fastdepCC_TRUE=''
am__include='include'
am__isrc=''
am__leading_dot='.'
am__nodep='_no'
am__quote=''
am__tar='$${TAR-tar} chof - "$$tardir"'
am__untar='$${TAR-tar} xf -'
bindir='${exec_prefix}/bin'
build='x86_64-pc-linux-gnu'
build_alias=''
build_cpu='x86_64'
build_os='linux-gnu'
build_vendor='pc'
datadir='${datarootdir}'
datarootdir='${prefix}/share'
docdir='${datarootdir}/doc/${PACKAGE_TARNAME}'
dvidir='${docdir}'
exec_prefix='${prefix}'
host='x86_64-pc-linux-gnu'
host_alias=''
host_cpu='x86_64'
host_os='linux-gnu'
host_vendor='pc'
htmldir='${docdir}'
includedir='${prefix}/include'
infodir='${datarootdir}/info'
install_sh='${SHELL} /home/tony/project/libgpg-error-1.32/build-aux/install-sh'
libdir='${exec_prefix}/lib'
libexecdir='${exec_prefix}/libexec'
localedir='${datarootdir}/locale'
localstatedir='${prefix}/var'
mandir='${datarootdir}/man'
mkdir_p='$(MKDIR_P)'
oldincludedir='/usr/include'
pdfdir='${docdir}'
prefix='/usr/local'
program_transform_name='s,x,x,'
psdir='${docdir}'
runstatedir='${localstatedir}/run'
sbindir='${exec_prefix}/sbin'
sharedstatedir='${prefix}/com'
sysconfdir='${prefix}/etc'
target_alias=''

## ----------- ##
## confdefs.h. ##
## ----------- ##

/* confdefs.h */
#define PACKAGE_NAME "libgpg-error"
#define PACKAGE_TARNAME "libgpg-error"
#define PACKAGE_VERSION "1.32-unknown"
#define PACKAGE_STRING "libgpg-error 1.32-unknown"
#define PACKAGE_BUGREPORT "https://bugs.gnupg.org"
#define PACKAGE_URL ""
#define PACKAGE "libgpg-error"
#define VERSION "1.32-unknown"
#define STDC_HEADERS 1
#define HAVE_SYS_TYPES_H 1
#define HAVE_SYS_STAT_H 1
#define HAVE_STDLIB_H 1
#define HAVE_STRING_H 1
#define HAVE_MEMORY_H 1
#define HAVE_STRINGS_H 1
#define HAVE_INTTYPES_H 1
#define HAVE_STDINT_H 1
#define HAVE_UNISTD_H 1
#define __EXTENSIONS__ 1
#define _ALL_SOURCE 1
#define _GNU_SOURCE 1
#define _POSIX_PTHREAD_SEMANTICS 1
#define _TANDEM_SOURCE 1
#define HAVE_DLFCN_H 1
#define LT_OBJDIR ".libs/"
#define ENABLE_NLS 1
#define HAVE_GETTEXT 1
#define HAVE_DCGETTEXT 1
#define STDC_HEADERS 1
#define HAVE_STDLIB_H 1
#define HAVE_LOCALE_H 1
#define HAVE_STDINT_H 1
#define HAVE_SYS_SELECT_H 1
#define HAVE_SYS_TIME_H 1
#define HAVE_SIGNAL_H 1
#define HAVE_DECL_STRERROR_R 1
#define HAVE_STRERROR_R 1
#define STRERROR_R_CHAR_P 1
#define HAVE_FORK 1
#define HAVE_VFORK 1
#define HAVE_WORKING_VFORK 1
#define HAVE_WORKING_FORK 1
#define HAVE_FLOCKFILE 1
#define HAVE_VASPRINTF 1
#define HAVE_MMAP 1
#define HAVE_RAND 1
#define HAVE_STPCPY 1
#define HAVE_SETENV 1
#define HAVE_STAT 1
#define HAVE_GETRLIMIT 1
#define SIZEOF_INT 4
#define SIZEOF_LONG 8
#define SIZEOF_LONG_LONG 8
#define TIME_WITH_SYS_TIME 1
#define SIZEOF_TIME_T 8
#define HAVE_SYS_STAT_H 1
#define HAVE_UNISTD_H 1
#define REPLACEMENT_FOR_OFF_T "long"
#define HAVE_GCC_ATTRIBUTE_ALIGNED 1
#define GPGRT_USE_VISIBILITY 1
#define USE_POSIX_THREADS 1
#define USE_POSIX_THREADS_WEAK 1
#define HAVE_PTHREAD_RWLOCK 1
#define HAVE_PTHREAD_MUTEX_RECURSIVE 1
#define SIZEOF_PTHREAD_MUTEX_T 40
#define HAVE_UNSIGNED_LONG_LONG_INT 1
#define HAVE_STDINT_H 1
#define HAVE_LONG_LONG_INT 1
#define HAVE_LONG_DOUBLE 1
#define HAVE_INTMAX_T 1
#define HAVE_UINTMAX_T 1
#define HAVE_PTRDIFF_T 1
#define SIZEOF_UNSIGNED_LONG 8
#define SIZEOF_VOID_P 8
#define HAVE_LANGINFO_THOUSANDS_SEP 1
#define HAVE_MEMRCHR 1
#define HOST_TRIPLET_STRING "x86_64-pc-linux-gnu"
#define BUILD_REVISION "0000000"
#define BUILD_TIMESTAMP "<none>"

configure: exit 0
